C:\workspace\bobcrm\src\BobCrm.App\Components\Pages\EnumDefinitionEdit.razor(43,111): error CS1501: 引数 2 を指定するメソッド 'T' のオーバーロードはありません [C:\workspace\bobcrm\src\BobCrm.App\BobCrm.App.csproj]
C:\workspace\bobcrm\src\BobCrm.App\Components\Pages\EnumDefinitions.razor(71,96): error CS0103: 現在のコンテキストに 'right' という名前は存在しません [C:\workspace\bobcrm\src\BobCrm.App\BobCrm.App.csproj]
C:\workspace\bobcrm\src\BobCrm.App\obj\Debug\net8.0\Microsoft.CodeAnalysis.Razor.Compiler\Microsoft.NET.Sdk.Razor.SourceGenerators.RazorSourceGenerator\Components_Pages_EnumDefinitions_razor.g.cs(518,154): error CS1662: デリゲート戻り値の型に暗黙的に変換できない戻り値の型がブロック内にあるため、ラムダ式 を目的のデリゲート型に変換できません [C:\workspace\bobcrm\src\BobCrm.App\BobCrm.App.csproj]

ビルドに失敗しました。
    4 個の警告
    3 エラー

経過時間 00:00:03.59

ワークロードの更新が利用可能です。詳細については、`dotnet workload list` を実行してください。
