<?xml version="1.0" encoding="utf-8"?>
<TestRun id="8d7b9741-e0e7-483f-8a34-4ab6fe65e8a6" name="X02851@OHR0067 2025-10-29 21:15:48" runUser="TOKYO\X02851" xmlns="http://microsoft.com/schemas/VisualStudio/TeamTest/2010">
  <Times creation="2025-10-29T21:15:48.0089910+09:00" queuing="2025-10-29T21:15:48.0089913+09:00" start="2025-10-29T21:15:44.0559867+09:00" finish="2025-10-29T21:15:53.0967629+09:00" />
  <TestSettings name="default" id="8a1be1cb-5a47-4a78-814c-acca7c3c45de">
    <Deployment runDeploymentRoot="X02851_OHR0067_2025-10-29_21_15_48" />
  </TestSettings>
  <Results>
    <UnitTestResult executionId="5c19b95e-4c34-4489-99ce-35bba0d01894" testId="fa180a55-5ddf-081c-c23f-94e72ed29130" testName="BobCrm.Api.Tests.FieldsAndI18nTests.Fields_And_Tags_Ok" computerName="OHR0067" duration="00:00:00.0888024" startTime="2025-10-29T21:15:47.5171995+09:00" endTime="2025-10-29T21:15:47.5171997+09:00" testType="13cdc9d9-ddb5-4fa4-a97d-d965ccfc6d4b" outcome="Passed" testListId="8c84fa94-04c1-424b-9868-57a2d4851a1d" relativeResultsDirectory="5c19b95e-4c34-4489-99ce-35bba0d01894" />
    <UnitTestResult executionId="f921632d-96de-4720-81bf-be996077ea10" testId="037a0b6c-373b-533a-5240-69d31da51421" testName="BobCrm.Api.Tests.AuthFlowTests.Register_Activate_Login_Succeeds" computerName="OHR0067" duration="00:00:00.8233646" startTime="2025-10-29T21:15:49.6203433+09:00" endTime="2025-10-29T21:15:49.6203436+09:00" testType="13cdc9d9-ddb5-4fa4-a97d-d965ccfc6d4b" outcome="Passed" testListId="8c84fa94-04c1-424b-9868-57a2d4851a1d" relativeResultsDirectory="f921632d-96de-4720-81bf-be996077ea10" />
    <UnitTestResult executionId="eb513d04-461e-46b0-8a95-e61898205f40" testId="f97c89f0-0ff5-61f4-4936-3c36d0add8ef" testName="BobCrm.Api.Tests.QueriesUnitTests.CustomerQueries_Respects_Access_Control" computerName="OHR0067" duration="00:00:00.0076259" startTime="2025-10-29T21:15:51.2154581+09:00" endTime="2025-10-29T21:15:51.2154583+09:00" testType="13cdc9d9-ddb5-4fa4-a97d-d965ccfc6d4b" outcome="Passed" testListId="8c84fa94-04c1-424b-9868-57a2d4851a1d" relativeResultsDirectory="eb513d04-461e-46b0-8a95-e61898205f40" />
    <UnitTestResult executionId="fcffb6b2-4ed4-4266-8539-78f22a2028c1" testId="3a99a41d-6fda-2b46-bbd3-3636629f84ad" testName="BobCrm.Api.Tests.CustomersTests.List_And_Detail_Returns_Data" computerName="OHR0067" duration="00:00:00.6538887" startTime="2025-10-29T21:15:51.0921430+09:00" endTime="2025-10-29T21:15:51.0921432+09:00" testType="13cdc9d9-ddb5-4fa4-a97d-d965ccfc6d4b" outcome="Passed" testListId="8c84fa94-04c1-424b-9868-57a2d4851a1d" relativeResultsDirectory="fcffb6b2-4ed4-4266-8539-78f22a2028c1" />
    <UnitTestResult executionId="6131bdbe-208a-4e32-a562-cd502ef165fb" testId="354b5718-8af3-c72a-4b0a-c8865cb54ccb" testName="BobCrm.Api.Tests.LayoutTests.Layout_Generate_Save_And_Permissions" computerName="OHR0067" duration="00:00:00.7181411" startTime="2025-10-29T21:15:50.3493006+09:00" endTime="2025-10-29T21:15:50.3493008+09:00" testType="13cdc9d9-ddb5-4fa4-a97d-d965ccfc6d4b" outcome="Passed" testListId="8c84fa94-04c1-424b-9868-57a2d4851a1d" relativeResultsDirectory="6131bdbe-208a-4e32-a562-cd502ef165fb" />
    <UnitTestResult executionId="dab3f0af-076f-4d4e-96ac-271249c0218e" testId="9b91973b-12fc-f767-e5c9-4707d0e7e8c7" testName="BobCrm.Api.Tests.ValidatorsTests.ValidationPipeline_Stops_On_First_Failure" computerName="OHR0067" duration="00:00:00.0019765" startTime="2025-10-29T21:15:49.6297455+09:00" endTime="2025-10-29T21:15:49.6297457+09:00" testType="13cdc9d9-ddb5-4fa4-a97d-d965ccfc6d4b" outcome="Passed" testListId="8c84fa94-04c1-424b-9868-57a2d4851a1d" relativeResultsDirectory="dab3f0af-076f-4d4e-96ac-271249c0218e" />
    <UnitTestResult executionId="cdc9c65b-695b-485f-9b96-43e0630dbe34" testId="b4496c05-cf84-e09d-33d0-59c9292fba2d" testName="BobCrm.Api.Tests.AccessIntegrationTests.Layout_Save_Default_Forbidden_For_NonAdmin" computerName="OHR0067" duration="00:00:00.6629215" startTime="2025-10-29T21:15:52.6552344+09:00" endTime="2025-10-29T21:15:52.6552346+09:00" testType="13cdc9d9-ddb5-4fa4-a97d-d965ccfc6d4b" outcome="Passed" testListId="8c84fa94-04c1-424b-9868-57a2d4851a1d" relativeResultsDirectory="cdc9c65b-695b-485f-9b96-43e0630dbe34" />
    <UnitTestResult executionId="ed64e3bf-e798-46eb-8773-479e49356950" testId="d77749dd-b416-083d-61fc-365c293f4cf3" testName="BobCrm.Api.Tests.AuthTests.Login_Refresh_Session_Ok" computerName="OHR0067" duration="00:00:00.7681824" startTime="2025-10-29T21:15:51.9913841+09:00" endTime="2025-10-29T21:15:51.9913843+09:00" testType="13cdc9d9-ddb5-4fa4-a97d-d965ccfc6d4b" outcome="Passed" testListId="8c84fa94-04c1-424b-9868-57a2d4851a1d" relativeResultsDirectory="ed64e3bf-e798-46eb-8773-479e49356950" />
    <UnitTestResult executionId="098bcef3-3439-4c38-9cf1-b3e1b93f537a" testId="6cf70cfd-7a33-0da8-481f-f47908e4e3d4" testName="BobCrm.Api.Tests.ValidatorsTests.BusinessValidator_Errors_When_NoFields_Or_EmptyKey" computerName="OHR0067" duration="00:00:00.0021157" startTime="2025-10-29T21:15:49.6232510+09:00" endTime="2025-10-29T21:15:49.6232512+09:00" testType="13cdc9d9-ddb5-4fa4-a97d-d965ccfc6d4b" outcome="Passed" testListId="8c84fa94-04c1-424b-9868-57a2d4851a1d" relativeResultsDirectory="098bcef3-3439-4c38-9cf1-b3e1b93f537a" />
    <UnitTestResult executionId="a1197d9b-1262-4dbd-b5b1-2d805c1a39e1" testId="50ebda5b-7646-13d3-6d78-e1769f31b351" testName="BobCrm.Api.Tests.LayoutTests.Layout_CRUD_User_And_Default" computerName="OHR0067" duration="00:00:00.0877037" startTime="2025-10-29T21:15:50.4374480+09:00" endTime="2025-10-29T21:15:50.4374482+09:00" testType="13cdc9d9-ddb5-4fa4-a97d-d965ccfc6d4b" outcome="Passed" testListId="8c84fa94-04c1-424b-9868-57a2d4851a1d" relativeResultsDirectory="a1197d9b-1262-4dbd-b5b1-2d805c1a39e1" />
    <UnitTestResult executionId="cd0c45f0-61c3-4378-a9f1-85c8ec172675" testId="ffb2f0f0-6e3b-72bd-da40-e7fbc4cce0b8" testName="BobCrm.Api.Tests.ValidatorsTests.PersistenceValidator_UnknownField" computerName="OHR0067" duration="00:00:00.0007679" startTime="2025-10-29T21:15:49.6306292+09:00" endTime="2025-10-29T21:15:49.6306293+09:00" testType="13cdc9d9-ddb5-4fa4-a97d-d965ccfc6d4b" outcome="Passed" testListId="8c84fa94-04c1-424b-9868-57a2d4851a1d" relativeResultsDirectory="cd0c45f0-61c3-4378-a9f1-85c8ec172675" />
    <UnitTestResult executionId="5a343cc4-e7b4-48e4-9222-72802d97cde8" testId="4d05db0b-afe4-55cc-ace7-3d51df285032" testName="BobCrm.Api.Tests.QueriesUnitTests.LayoutQueries_User_Default_Effective" computerName="OHR0067" duration="00:00:00.0062164" startTime="2025-10-29T21:15:51.2227258+09:00" endTime="2025-10-29T21:15:51.2227263+09:00" testType="13cdc9d9-ddb5-4fa4-a97d-d965ccfc6d4b" outcome="Passed" testListId="8c84fa94-04c1-424b-9868-57a2d4851a1d" relativeResultsDirectory="5a343cc4-e7b4-48e4-9222-72802d97cde8" />
    <UnitTestResult executionId="37aa60eb-5cfe-4ac5-ba25-599ce6bf1998" testId="4bc78774-b93f-22b9-f7f5-2b3a2f6bb256" testName="BobCrm.Api.Tests.CustomersTests.Update_Validation_And_Concurrency" computerName="OHR0067" duration="00:00:00.1148959" startTime="2025-10-29T21:15:51.2073839+09:00" endTime="2025-10-29T21:15:51.2073843+09:00" testType="13cdc9d9-ddb5-4fa4-a97d-d965ccfc6d4b" outcome="Passed" testListId="8c84fa94-04c1-424b-9868-57a2d4851a1d" relativeResultsDirectory="37aa60eb-5cfe-4ac5-ba25-599ce6bf1998" />
    <UnitTestResult executionId="00ccd915-4886-4bad-bd78-9ee5da813ec8" testId="948086cc-6d71-9d03-31e5-fcd369d2e609" testName="BobCrm.Api.Tests.ValidatorsTests.CommonValidator_Required_And_Regex" computerName="OHR0067" duration="00:00:00.0042737" startTime="2025-10-29T21:15:49.6276419+09:00" endTime="2025-10-29T21:15:49.6276422+09:00" testType="13cdc9d9-ddb5-4fa4-a97d-d965ccfc6d4b" outcome="Passed" testListId="8c84fa94-04c1-424b-9868-57a2d4851a1d" relativeResultsDirectory="00ccd915-4886-4bad-bd78-9ee5da813ec8" />
    <UnitTestResult executionId="373e69db-1dcd-4fc0-8944-fd64688da8a0" testId="df49d171-852a-8f5d-8716-60b8b3c9d26d" testName="BobCrm.Api.Tests.FieldsAndI18nTests.I18n_Ok" computerName="OHR0067" duration="00:00:02.3013880" startTime="2025-10-29T21:15:47.4276896+09:00" endTime="2025-10-29T21:15:47.4276994+09:00" testType="13cdc9d9-ddb5-4fa4-a97d-d965ccfc6d4b" outcome="Passed" testListId="8c84fa94-04c1-424b-9868-57a2d4851a1d" relativeResultsDirectory="373e69db-1dcd-4fc0-8944-fd64688da8a0" />
    <UnitTestResult executionId="311788c1-6b3a-4901-800e-096c406f380f" testId="bea49f7c-9dfc-5741-e8b7-512d4a7f2913" testName="BobCrm.Api.Tests.AccessIntegrationTests.PutCustomer_Respects_CustomerAccess_CanEdit" computerName="OHR0067" duration="00:00:00.1659101" startTime="2025-10-29T21:15:52.8216311+09:00" endTime="2025-10-29T21:15:52.8216314+09:00" testType="13cdc9d9-ddb5-4fa4-a97d-d965ccfc6d4b" outcome="Passed" testListId="8c84fa94-04c1-424b-9868-57a2d4851a1d" relativeResultsDirectory="311788c1-6b3a-4901-800e-096c406f380f" />
    <UnitTestResult executionId="75a351b0-6116-4f21-8e91-aaca5d7797c6" testId="872bbcf5-28fd-2119-169a-c315758f7d0f" testName="BobCrm.Api.Tests.QueriesUnitTests.FieldQueries_Parses_Tags_And_Actions" computerName="OHR0067" duration="00:00:00.0008462" startTime="2025-10-29T21:15:51.2163695+09:00" endTime="2025-10-29T21:15:51.2163696+09:00" testType="13cdc9d9-ddb5-4fa4-a97d-d965ccfc6d4b" outcome="Passed" testListId="8c84fa94-04c1-424b-9868-57a2d4851a1d" relativeResultsDirectory="75a351b0-6116-4f21-8e91-aaca5d7797c6" />
    <UnitTestResult executionId="f6993889-ab0a-48b4-a57f-a8fc96d35fbb" testId="64ca2cef-cfa6-1a26-c504-e91553135cb6" testName="BobCrm.Api.Tests.AdminAndAccessTests.CustomerAccess_AdminOnly" computerName="OHR0067" duration="00:00:00.1187840" startTime="2025-10-29T21:15:48.7959989+09:00" endTime="2025-10-29T21:15:48.7959991+09:00" testType="13cdc9d9-ddb5-4fa4-a97d-d965ccfc6d4b" outcome="Passed" testListId="8c84fa94-04c1-424b-9868-57a2d4851a1d" relativeResultsDirectory="f6993889-ab0a-48b4-a57f-a8fc96d35fbb" />
    <UnitTestResult executionId="35dc63d4-e3e6-4554-ba15-c661c9f2a23c" testId="5174a63d-ee6b-87cc-de70-629c49f9650e" testName="BobCrm.Api.Tests.AdminAndAccessTests.Admin_Db_Health_And_Recreate" computerName="OHR0067" duration="00:00:01.1555617" startTime="2025-10-29T21:15:48.6768259+09:00" endTime="2025-10-29T21:15:48.6768261+09:00" testType="13cdc9d9-ddb5-4fa4-a97d-d965ccfc6d4b" outcome="Passed" testListId="8c84fa94-04c1-424b-9868-57a2d4851a1d" relativeResultsDirectory="35dc63d4-e3e6-4554-ba15-c661c9f2a23c" />
  </Results>
  <TestDefinitions>
    <UnitTest name="BobCrm.Api.Tests.QueriesUnitTests.FieldQueries_Parses_Tags_And_Actions" storage="c:\workspace\bobcrm\tests\bobcrm.api.tests\bin\debug\net8.0\bobcrm.api.tests.dll" id="872bbcf5-28fd-2119-169a-c315758f7d0f">
      <Execution id="75a351b0-6116-4f21-8e91-aaca5d7797c6" />
      <TestMethod codeBase="C:\workspace\bobcrm\tests\BobCrm.Api.Tests\bin\Debug\net8.0\BobCrm.Api.Tests.dll" adapterTypeName="executor://xunit/VsTestRunner2/netcoreapp" className="BobCrm.Api.Tests.QueriesUnitTests" name="FieldQueries_Parses_Tags_And_Actions" />
    </UnitTest>
    <UnitTest name="BobCrm.Api.Tests.CustomersTests.List_And_Detail_Returns_Data" storage="c:\workspace\bobcrm\tests\bobcrm.api.tests\bin\debug\net8.0\bobcrm.api.tests.dll" id="3a99a41d-6fda-2b46-bbd3-3636629f84ad">
      <Execution id="fcffb6b2-4ed4-4266-8539-78f22a2028c1" />
      <TestMethod codeBase="C:\workspace\bobcrm\tests\BobCrm.Api.Tests\bin\Debug\net8.0\BobCrm.Api.Tests.dll" adapterTypeName="executor://xunit/VsTestRunner2/netcoreapp" className="BobCrm.Api.Tests.CustomersTests" name="List_And_Detail_Returns_Data" />
    </UnitTest>
    <UnitTest name="BobCrm.Api.Tests.AdminAndAccessTests.Admin_Db_Health_And_Recreate" storage="c:\workspace\bobcrm\tests\bobcrm.api.tests\bin\debug\net8.0\bobcrm.api.tests.dll" id="5174a63d-ee6b-87cc-de70-629c49f9650e">
      <Execution id="35dc63d4-e3e6-4554-ba15-c661c9f2a23c" />
      <TestMethod codeBase="C:\workspace\bobcrm\tests\BobCrm.Api.Tests\bin\Debug\net8.0\BobCrm.Api.Tests.dll" adapterTypeName="executor://xunit/VsTestRunner2/netcoreapp" className="BobCrm.Api.Tests.AdminAndAccessTests" name="Admin_Db_Health_And_Recreate" />
    </UnitTest>
    <UnitTest name="BobCrm.Api.Tests.AccessIntegrationTests.Layout_Save_Default_Forbidden_For_NonAdmin" storage="c:\workspace\bobcrm\tests\bobcrm.api.tests\bin\debug\net8.0\bobcrm.api.tests.dll" id="b4496c05-cf84-e09d-33d0-59c9292fba2d">
      <Execution id="cdc9c65b-695b-485f-9b96-43e0630dbe34" />
      <TestMethod codeBase="C:\workspace\bobcrm\tests\BobCrm.Api.Tests\bin\Debug\net8.0\BobCrm.Api.Tests.dll" adapterTypeName="executor://xunit/VsTestRunner2/netcoreapp" className="BobCrm.Api.Tests.AccessIntegrationTests" name="Layout_Save_Default_Forbidden_For_NonAdmin" />
    </UnitTest>
    <UnitTest name="BobCrm.Api.Tests.AuthTests.Login_Refresh_Session_Ok" storage="c:\workspace\bobcrm\tests\bobcrm.api.tests\bin\debug\net8.0\bobcrm.api.tests.dll" id="d77749dd-b416-083d-61fc-365c293f4cf3">
      <Execution id="ed64e3bf-e798-46eb-8773-479e49356950" />
      <TestMethod codeBase="C:\workspace\bobcrm\tests\BobCrm.Api.Tests\bin\Debug\net8.0\BobCrm.Api.Tests.dll" adapterTypeName="executor://xunit/VsTestRunner2/netcoreapp" className="BobCrm.Api.Tests.AuthTests" name="Login_Refresh_Session_Ok" />
    </UnitTest>
    <UnitTest name="BobCrm.Api.Tests.QueriesUnitTests.LayoutQueries_User_Default_Effective" storage="c:\workspace\bobcrm\tests\bobcrm.api.tests\bin\debug\net8.0\bobcrm.api.tests.dll" id="4d05db0b-afe4-55cc-ace7-3d51df285032">
      <Execution id="5a343cc4-e7b4-48e4-9222-72802d97cde8" />
      <TestMethod codeBase="C:\workspace\bobcrm\tests\BobCrm.Api.Tests\bin\Debug\net8.0\BobCrm.Api.Tests.dll" adapterTypeName="executor://xunit/VsTestRunner2/netcoreapp" className="BobCrm.Api.Tests.QueriesUnitTests" name="LayoutQueries_User_Default_Effective" />
    </UnitTest>
    <UnitTest name="BobCrm.Api.Tests.CustomersTests.Update_Validation_And_Concurrency" storage="c:\workspace\bobcrm\tests\bobcrm.api.tests\bin\debug\net8.0\bobcrm.api.tests.dll" id="4bc78774-b93f-22b9-f7f5-2b3a2f6bb256">
      <Execution id="37aa60eb-5cfe-4ac5-ba25-599ce6bf1998" />
      <TestMethod codeBase="C:\workspace\bobcrm\tests\BobCrm.Api.Tests\bin\Debug\net8.0\BobCrm.Api.Tests.dll" adapterTypeName="executor://xunit/VsTestRunner2/netcoreapp" className="BobCrm.Api.Tests.CustomersTests" name="Update_Validation_And_Concurrency" />
    </UnitTest>
    <UnitTest name="BobCrm.Api.Tests.FieldsAndI18nTests.Fields_And_Tags_Ok" storage="c:\workspace\bobcrm\tests\bobcrm.api.tests\bin\debug\net8.0\bobcrm.api.tests.dll" id="fa180a55-5ddf-081c-c23f-94e72ed29130">
      <Execution id="5c19b95e-4c34-4489-99ce-35bba0d01894" />
      <TestMethod codeBase="C:\workspace\bobcrm\tests\BobCrm.Api.Tests\bin\Debug\net8.0\BobCrm.Api.Tests.dll" adapterTypeName="executor://xunit/VsTestRunner2/netcoreapp" className="BobCrm.Api.Tests.FieldsAndI18nTests" name="Fields_And_Tags_Ok" />
    </UnitTest>
    <UnitTest name="BobCrm.Api.Tests.ValidatorsTests.BusinessValidator_Errors_When_NoFields_Or_EmptyKey" storage="c:\workspace\bobcrm\tests\bobcrm.api.tests\bin\debug\net8.0\bobcrm.api.tests.dll" id="6cf70cfd-7a33-0da8-481f-f47908e4e3d4">
      <Execution id="098bcef3-3439-4c38-9cf1-b3e1b93f537a" />
      <TestMethod codeBase="C:\workspace\bobcrm\tests\BobCrm.Api.Tests\bin\Debug\net8.0\BobCrm.Api.Tests.dll" adapterTypeName="executor://xunit/VsTestRunner2/netcoreapp" className="BobCrm.Api.Tests.ValidatorsTests" name="BusinessValidator_Errors_When_NoFields_Or_EmptyKey" />
    </UnitTest>
    <UnitTest name="BobCrm.Api.Tests.AdminAndAccessTests.CustomerAccess_AdminOnly" storage="c:\workspace\bobcrm\tests\bobcrm.api.tests\bin\debug\net8.0\bobcrm.api.tests.dll" id="64ca2cef-cfa6-1a26-c504-e91553135cb6">
      <Execution id="f6993889-ab0a-48b4-a57f-a8fc96d35fbb" />
      <TestMethod codeBase="C:\workspace\bobcrm\tests\BobCrm.Api.Tests\bin\Debug\net8.0\BobCrm.Api.Tests.dll" adapterTypeName="executor://xunit/VsTestRunner2/netcoreapp" className="BobCrm.Api.Tests.AdminAndAccessTests" name="CustomerAccess_AdminOnly" />
    </UnitTest>
    <UnitTest name="BobCrm.Api.Tests.ValidatorsTests.PersistenceValidator_UnknownField" storage="c:\workspace\bobcrm\tests\bobcrm.api.tests\bin\debug\net8.0\bobcrm.api.tests.dll" id="ffb2f0f0-6e3b-72bd-da40-e7fbc4cce0b8">
      <Execution id="cd0c45f0-61c3-4378-a9f1-85c8ec172675" />
      <TestMethod codeBase="C:\workspace\bobcrm\tests\BobCrm.Api.Tests\bin\Debug\net8.0\BobCrm.Api.Tests.dll" adapterTypeName="executor://xunit/VsTestRunner2/netcoreapp" className="BobCrm.Api.Tests.ValidatorsTests" name="PersistenceValidator_UnknownField" />
    </UnitTest>
    <UnitTest name="BobCrm.Api.Tests.ValidatorsTests.ValidationPipeline_Stops_On_First_Failure" storage="c:\workspace\bobcrm\tests\bobcrm.api.tests\bin\debug\net8.0\bobcrm.api.tests.dll" id="9b91973b-12fc-f767-e5c9-4707d0e7e8c7">
      <Execution id="dab3f0af-076f-4d4e-96ac-271249c0218e" />
      <TestMethod codeBase="C:\workspace\bobcrm\tests\BobCrm.Api.Tests\bin\Debug\net8.0\BobCrm.Api.Tests.dll" adapterTypeName="executor://xunit/VsTestRunner2/netcoreapp" className="BobCrm.Api.Tests.ValidatorsTests" name="ValidationPipeline_Stops_On_First_Failure" />
    </UnitTest>
    <UnitTest name="BobCrm.Api.Tests.AccessIntegrationTests.PutCustomer_Respects_CustomerAccess_CanEdit" storage="c:\workspace\bobcrm\tests\bobcrm.api.tests\bin\debug\net8.0\bobcrm.api.tests.dll" id="bea49f7c-9dfc-5741-e8b7-512d4a7f2913">
      <Execution id="311788c1-6b3a-4901-800e-096c406f380f" />
      <TestMethod codeBase="C:\workspace\bobcrm\tests\BobCrm.Api.Tests\bin\Debug\net8.0\BobCrm.Api.Tests.dll" adapterTypeName="executor://xunit/VsTestRunner2/netcoreapp" className="BobCrm.Api.Tests.AccessIntegrationTests" name="PutCustomer_Respects_CustomerAccess_CanEdit" />
    </UnitTest>
    <UnitTest name="BobCrm.Api.Tests.LayoutTests.Layout_Generate_Save_And_Permissions" storage="c:\workspace\bobcrm\tests\bobcrm.api.tests\bin\debug\net8.0\bobcrm.api.tests.dll" id="354b5718-8af3-c72a-4b0a-c8865cb54ccb">
      <Execution id="6131bdbe-208a-4e32-a562-cd502ef165fb" />
      <TestMethod codeBase="C:\workspace\bobcrm\tests\BobCrm.Api.Tests\bin\Debug\net8.0\BobCrm.Api.Tests.dll" adapterTypeName="executor://xunit/VsTestRunner2/netcoreapp" className="BobCrm.Api.Tests.LayoutTests" name="Layout_Generate_Save_And_Permissions" />
    </UnitTest>
    <UnitTest name="BobCrm.Api.Tests.AuthFlowTests.Register_Activate_Login_Succeeds" storage="c:\workspace\bobcrm\tests\bobcrm.api.tests\bin\debug\net8.0\bobcrm.api.tests.dll" id="037a0b6c-373b-533a-5240-69d31da51421">
      <Execution id="f921632d-96de-4720-81bf-be996077ea10" />
      <TestMethod codeBase="C:\workspace\bobcrm\tests\BobCrm.Api.Tests\bin\Debug\net8.0\BobCrm.Api.Tests.dll" adapterTypeName="executor://xunit/VsTestRunner2/netcoreapp" className="BobCrm.Api.Tests.AuthFlowTests" name="Register_Activate_Login_Succeeds" />
    </UnitTest>
    <UnitTest name="BobCrm.Api.Tests.FieldsAndI18nTests.I18n_Ok" storage="c:\workspace\bobcrm\tests\bobcrm.api.tests\bin\debug\net8.0\bobcrm.api.tests.dll" id="df49d171-852a-8f5d-8716-60b8b3c9d26d">
      <Execution id="373e69db-1dcd-4fc0-8944-fd64688da8a0" />
      <TestMethod codeBase="C:\workspace\bobcrm\tests\BobCrm.Api.Tests\bin\Debug\net8.0\BobCrm.Api.Tests.dll" adapterTypeName="executor://xunit/VsTestRunner2/netcoreapp" className="BobCrm.Api.Tests.FieldsAndI18nTests" name="I18n_Ok" />
    </UnitTest>
    <UnitTest name="BobCrm.Api.Tests.ValidatorsTests.CommonValidator_Required_And_Regex" storage="c:\workspace\bobcrm\tests\bobcrm.api.tests\bin\debug\net8.0\bobcrm.api.tests.dll" id="948086cc-6d71-9d03-31e5-fcd369d2e609">
      <Execution id="00ccd915-4886-4bad-bd78-9ee5da813ec8" />
      <TestMethod codeBase="C:\workspace\bobcrm\tests\BobCrm.Api.Tests\bin\Debug\net8.0\BobCrm.Api.Tests.dll" adapterTypeName="executor://xunit/VsTestRunner2/netcoreapp" className="BobCrm.Api.Tests.ValidatorsTests" name="CommonValidator_Required_And_Regex" />
    </UnitTest>
    <UnitTest name="BobCrm.Api.Tests.QueriesUnitTests.CustomerQueries_Respects_Access_Control" storage="c:\workspace\bobcrm\tests\bobcrm.api.tests\bin\debug\net8.0\bobcrm.api.tests.dll" id="f97c89f0-0ff5-61f4-4936-3c36d0add8ef">
      <Execution id="eb513d04-461e-46b0-8a95-e61898205f40" />
      <TestMethod codeBase="C:\workspace\bobcrm\tests\BobCrm.Api.Tests\bin\Debug\net8.0\BobCrm.Api.Tests.dll" adapterTypeName="executor://xunit/VsTestRunner2/netcoreapp" className="BobCrm.Api.Tests.QueriesUnitTests" name="CustomerQueries_Respects_Access_Control" />
    </UnitTest>
    <UnitTest name="BobCrm.Api.Tests.LayoutTests.Layout_CRUD_User_And_Default" storage="c:\workspace\bobcrm\tests\bobcrm.api.tests\bin\debug\net8.0\bobcrm.api.tests.dll" id="50ebda5b-7646-13d3-6d78-e1769f31b351">
      <Execution id="a1197d9b-1262-4dbd-b5b1-2d805c1a39e1" />
      <TestMethod codeBase="C:\workspace\bobcrm\tests\BobCrm.Api.Tests\bin\Debug\net8.0\BobCrm.Api.Tests.dll" adapterTypeName="executor://xunit/VsTestRunner2/netcoreapp" className="BobCrm.Api.Tests.LayoutTests" name="Layout_CRUD_User_And_Default" />
    </UnitTest>
  </TestDefinitions>
  <TestEntries>
    <TestEntry testId="fa180a55-5ddf-081c-c23f-94e72ed29130" executionId="5c19b95e-4c34-4489-99ce-35bba0d01894" testListId="8c84fa94-04c1-424b-9868-57a2d4851a1d" />
    <TestEntry testId="037a0b6c-373b-533a-5240-69d31da51421" executionId="f921632d-96de-4720-81bf-be996077ea10" testListId="8c84fa94-04c1-424b-9868-57a2d4851a1d" />
    <TestEntry testId="f97c89f0-0ff5-61f4-4936-3c36d0add8ef" executionId="eb513d04-461e-46b0-8a95-e61898205f40" testListId="8c84fa94-04c1-424b-9868-57a2d4851a1d" />
    <TestEntry testId="3a99a41d-6fda-2b46-bbd3-3636629f84ad" executionId="fcffb6b2-4ed4-4266-8539-78f22a2028c1" testListId="8c84fa94-04c1-424b-9868-57a2d4851a1d" />
    <TestEntry testId="354b5718-8af3-c72a-4b0a-c8865cb54ccb" executionId="6131bdbe-208a-4e32-a562-cd502ef165fb" testListId="8c84fa94-04c1-424b-9868-57a2d4851a1d" />
    <TestEntry testId="9b91973b-12fc-f767-e5c9-4707d0e7e8c7" executionId="dab3f0af-076f-4d4e-96ac-271249c0218e" testListId="8c84fa94-04c1-424b-9868-57a2d4851a1d" />
    <TestEntry testId="b4496c05-cf84-e09d-33d0-59c9292fba2d" executionId="cdc9c65b-695b-485f-9b96-43e0630dbe34" testListId="8c84fa94-04c1-424b-9868-57a2d4851a1d" />
    <TestEntry testId="d77749dd-b416-083d-61fc-365c293f4cf3" executionId="ed64e3bf-e798-46eb-8773-479e49356950" testListId="8c84fa94-04c1-424b-9868-57a2d4851a1d" />
    <TestEntry testId="6cf70cfd-7a33-0da8-481f-f47908e4e3d4" executionId="098bcef3-3439-4c38-9cf1-b3e1b93f537a" testListId="8c84fa94-04c1-424b-9868-57a2d4851a1d" />
    <TestEntry testId="50ebda5b-7646-13d3-6d78-e1769f31b351" executionId="a1197d9b-1262-4dbd-b5b1-2d805c1a39e1" testListId="8c84fa94-04c1-424b-9868-57a2d4851a1d" />
    <TestEntry testId="ffb2f0f0-6e3b-72bd-da40-e7fbc4cce0b8" executionId="cd0c45f0-61c3-4378-a9f1-85c8ec172675" testListId="8c84fa94-04c1-424b-9868-57a2d4851a1d" />
    <TestEntry testId="4d05db0b-afe4-55cc-ace7-3d51df285032" executionId="5a343cc4-e7b4-48e4-9222-72802d97cde8" testListId="8c84fa94-04c1-424b-9868-57a2d4851a1d" />
    <TestEntry testId="4bc78774-b93f-22b9-f7f5-2b3a2f6bb256" executionId="37aa60eb-5cfe-4ac5-ba25-599ce6bf1998" testListId="8c84fa94-04c1-424b-9868-57a2d4851a1d" />
    <TestEntry testId="948086cc-6d71-9d03-31e5-fcd369d2e609" executionId="00ccd915-4886-4bad-bd78-9ee5da813ec8" testListId="8c84fa94-04c1-424b-9868-57a2d4851a1d" />
    <TestEntry testId="df49d171-852a-8f5d-8716-60b8b3c9d26d" executionId="373e69db-1dcd-4fc0-8944-fd64688da8a0" testListId="8c84fa94-04c1-424b-9868-57a2d4851a1d" />
    <TestEntry testId="bea49f7c-9dfc-5741-e8b7-512d4a7f2913" executionId="311788c1-6b3a-4901-800e-096c406f380f" testListId="8c84fa94-04c1-424b-9868-57a2d4851a1d" />
    <TestEntry testId="872bbcf5-28fd-2119-169a-c315758f7d0f" executionId="75a351b0-6116-4f21-8e91-aaca5d7797c6" testListId="8c84fa94-04c1-424b-9868-57a2d4851a1d" />
    <TestEntry testId="64ca2cef-cfa6-1a26-c504-e91553135cb6" executionId="f6993889-ab0a-48b4-a57f-a8fc96d35fbb" testListId="8c84fa94-04c1-424b-9868-57a2d4851a1d" />
    <TestEntry testId="5174a63d-ee6b-87cc-de70-629c49f9650e" executionId="35dc63d4-e3e6-4554-ba15-c661c9f2a23c" testListId="8c84fa94-04c1-424b-9868-57a2d4851a1d" />
  </TestEntries>
  <TestLists>
    <TestList name="一覧に存在しない結果" id="8c84fa94-04c1-424b-9868-57a2d4851a1d" />
    <TestList name="読み込まれたすべての結果" id="19431567-8539-422a-85d7-44ee4e166bda" />
  </TestLists>
  <ResultSummary outcome="Completed">
    <Counters total="19" executed="19" passed="19" failed="0" error="0" timeout="0" aborted="0" inconclusive="0" passedButRunAborted="0" notRunnable="0" notExecuted="0" disconnected="0" warning="0" completed="0" inProgress="0" pending="0" />
    <Output>
      <StdOut>[xUnit.net 00:00:00.00] xUnit.net VSTest Adapter v2.8.2+699d445a1a (64-bit .NET 8.0.21)&#xD;
[xUnit.net 00:00:00.07]   Discovering: BobCrm.Api.Tests&#xD;
[xUnit.net 00:00:00.09]   Discovered:  BobCrm.Api.Tests&#xD;
[xUnit.net 00:00:00.09]   Starting:    BobCrm.Api.Tests&#xD;
info: Microsoft.EntityFrameworkCore.Database.Command[20101]&#xD;
      Executed DbCommand (23ms) [Parameters=[], CommandType='Text', CommandTimeout='30']&#xD;
      SELECT CASE WHEN COUNT(*) = 0 THEN FALSE ELSE TRUE END&#xD;
FROM pg_class AS cls&#xD;
JOIN pg_namespace AS ns ON ns.oid = cls.relnamespace&#xD;
WHERE&#xD;
        cls.relkind IN ('r', 'v', 'm', 'f', 'p') AND&#xD;
        ns.nspname NOT IN ('pg_catalog', 'information_schema') AND&#xD;
        -- Exclude tables which are members of PG extensions&#xD;
        NOT EXISTS (&#xD;
            SELECT 1 FROM pg_depend WHERE&#xD;
                classid=(&#xD;
                    SELECT cls.oid&#xD;
                    FROM pg_class AS cls&#xD;
                             JOIN pg_namespace AS ns ON ns.oid = cls.relnamespace&#xD;
                    WHERE relname='pg_class' AND ns.nspname='pg_catalog'&#xD;
                ) AND&#xD;
                objid=cls.oid AND&#xD;
                deptype IN ('e', 'x')&#xD;
        )&#xD;
info: Microsoft.EntityFrameworkCore.Database.Command[20101]&#xD;
      Executed DbCommand (3ms) [Parameters=[], CommandType='Text', CommandTimeout='30']&#xD;
      SELECT count(*)::int&#xD;
      FROM "Customers" AS c&#xD;
info: Microsoft.EntityFrameworkCore.Database.Command[20101]&#xD;
      Executed DbCommand (29ms) [Parameters=[], CommandType='Text', CommandTimeout='30']&#xD;
      CREATE TABLE IF NOT EXISTS "LocalizationLanguages" ("Id" SERIAL PRIMARY KEY, "Code" text NOT NULL, "NativeName" text NOT NULL);&#xD;
info: Microsoft.EntityFrameworkCore.Database.Command[20101]&#xD;
      Executed DbCommand (1ms) [Parameters=[], CommandType='Text', CommandTimeout='30']&#xD;
      SELECT EXISTS (&#xD;
          SELECT 1&#xD;
          FROM "Customers" AS c)&#xD;
info: Microsoft.EntityFrameworkCore.Database.Command[20101]&#xD;
      Executed DbCommand (2ms) [Parameters=[], CommandType='Text', CommandTimeout='30']&#xD;
      SELECT EXISTS (&#xD;
          SELECT 1&#xD;
          FROM "FieldDefinitions" AS f)&#xD;
info: Microsoft.EntityFrameworkCore.Database.Command[20101]&#xD;
      Executed DbCommand (1ms) [Parameters=[], CommandType='Text', CommandTimeout='30']&#xD;
      SELECT EXISTS (&#xD;
          SELECT 1&#xD;
          FROM "LocalizationLanguages" AS l)&#xD;
info: Microsoft.EntityFrameworkCore.Database.Command[20101]&#xD;
      Executed DbCommand (2ms) [Parameters=[], CommandType='Text', CommandTimeout='30']&#xD;
      SELECT EXISTS (&#xD;
          SELECT 1&#xD;
          FROM "LocalizationResources" AS l)&#xD;
info: Microsoft.EntityFrameworkCore.Database.Command[20101]&#xD;
      Executed DbCommand (5ms) [Parameters=[@p0='?', @p1='?', @p2='?', @p3='?', @p4='?', @p5='?'], CommandType='Text', CommandTimeout='30']&#xD;
      INSERT INTO "LocalizationLanguages" ("Code", "NativeName")&#xD;
      VALUES (@p0, @p1)&#xD;
      RETURNING "Id";&#xD;
      INSERT INTO "LocalizationLanguages" ("Code", "NativeName")&#xD;
      VALUES (@p2, @p3)&#xD;
      RETURNING "Id";&#xD;
      INSERT INTO "LocalizationLanguages" ("Code", "NativeName")&#xD;
      VALUES (@p4, @p5)&#xD;
      RETURNING "Id";&#xD;
info: Microsoft.EntityFrameworkCore.Database.Command[20101]&#xD;
      Executed DbCommand (4ms) [Parameters=[], CommandType='Text', CommandTimeout='30']&#xD;
      CREATE INDEX IF NOT EXISTS idx_fieldvalues_value_gin ON "FieldValues" USING GIN ("Value");&#xD;
info: Microsoft.EntityFrameworkCore.Database.Command[20101]&#xD;
      Executed DbCommand (1ms) [Parameters=[], CommandType='Text', CommandTimeout='30']&#xD;
      CREATE INDEX IF NOT EXISTS idx_fielddefinitions_tags_gin ON "FieldDefinitions" USING GIN ("Tags");&#xD;
info: Microsoft.EntityFrameworkCore.Database.Command[20101]&#xD;
      Executed DbCommand (1ms) [Parameters=[], CommandType='Text', CommandTimeout='30']&#xD;
      CREATE INDEX IF NOT EXISTS idx_fielddefinitions_actions_gin ON "FieldDefinitions" USING GIN ("Actions");&#xD;
info: Microsoft.EntityFrameworkCore.Database.Command[20101]&#xD;
      Executed DbCommand (1ms) [Parameters=[], CommandType='Text', CommandTimeout='30']&#xD;
      CREATE INDEX IF NOT EXISTS idx_userlayouts_layoutjson_gin ON "UserLayouts" USING GIN ("LayoutJson");&#xD;
info: Microsoft.EntityFrameworkCore.Database.Command[20101]&#xD;
      Executed DbCommand (1ms) [Parameters=[], CommandType='Text', CommandTimeout='30']&#xD;
      CREATE INDEX IF NOT EXISTS idx_fieldvalues_customer_field ON "FieldValues" ("CustomerId", "FieldDefinitionId");&#xD;
info: Microsoft.EntityFrameworkCore.Database.Command[20101]&#xD;
      Executed DbCommand (4ms) [Parameters=[@__normalizedName_0='?'], CommandType='Text', CommandTimeout='30']&#xD;
      SELECT a."Id", a."ConcurrencyStamp", a."Name", a."NormalizedName"&#xD;
      FROM "AspNetRoles" AS a&#xD;
      WHERE a."NormalizedName" = @__normalizedName_0&#xD;
      LIMIT 1&#xD;
info: Microsoft.EntityFrameworkCore.Database.Command[20101]&#xD;
      Executed DbCommand (2ms) [Parameters=[@__normalizedUserName_0='?'], CommandType='Text', CommandTimeout='30']&#xD;
      SELECT a."Id", a."AccessFailedCount", a."ConcurrencyStamp", a."Email", a."EmailConfirmed", a."LockoutEnabled", a."LockoutEnd", a."NormalizedEmail", a."NormalizedUserName", a."PasswordHash", a."PhoneNumber", a."PhoneNumberConfirmed", a."SecurityStamp", a."TwoFactorEnabled", a."UserName"&#xD;
      FROM "AspNetUsers" AS a&#xD;
      WHERE a."NormalizedUserName" = @__normalizedUserName_0&#xD;
      LIMIT 1&#xD;
info: Microsoft.EntityFrameworkCore.Database.Command[20101]&#xD;
      Executed DbCommand (1ms) [Parameters=[@__normalizedRoleName_0='?'], CommandType='Text', CommandTimeout='30']&#xD;
      SELECT a."Id", a."ConcurrencyStamp", a."Name", a."NormalizedName"&#xD;
      FROM "AspNetRoles" AS a&#xD;
      WHERE a."NormalizedName" = @__normalizedRoleName_0&#xD;
      LIMIT 2&#xD;
info: Microsoft.EntityFrameworkCore.Database.Command[20101]&#xD;
      Executed DbCommand (2ms) [Parameters=[@__p_0='?', @__p_1='?'], CommandType='Text', CommandTimeout='30']&#xD;
      SELECT a."UserId", a."RoleId"&#xD;
      FROM "AspNetUserRoles" AS a&#xD;
      WHERE a."UserId" = @__p_0 AND a."RoleId" = @__p_1&#xD;
      LIMIT 1&#xD;
info: Microsoft.EntityFrameworkCore.Database.Command[20101]&#xD;
      Executed DbCommand (1ms) [Parameters=[], CommandType='Text', CommandTimeout='30']&#xD;
      SELECT c."Id"&#xD;
      FROM "Customers" AS c&#xD;
info: Microsoft.EntityFrameworkCore.Database.Command[20101]&#xD;
      Executed DbCommand (1ms) [Parameters=[@__cid_0='?' (DbType = Int32), @__8__locals1_admin_Id_1='?'], CommandType='Text', CommandTimeout='30']&#xD;
      SELECT EXISTS (&#xD;
          SELECT 1&#xD;
          FROM "CustomerAccesses" AS c&#xD;
          WHERE c."CustomerId" = @__cid_0 AND c."UserId" = @__8__locals1_admin_Id_1)&#xD;
info: Microsoft.EntityFrameworkCore.Database.Command[20101]&#xD;
      Executed DbCommand (1ms) [Parameters=[@__cid_0='?' (DbType = Int32), @__8__locals1_admin_Id_1='?'], CommandType='Text', CommandTimeout='30']&#xD;
      SELECT EXISTS (&#xD;
          SELECT 1&#xD;
          FROM "CustomerAccesses" AS c&#xD;
          WHERE c."CustomerId" = @__cid_0 AND c."UserId" = @__8__locals1_admin_Id_1)&#xD;
info: Microsoft.EntityFrameworkCore.Database.Command[20101]&#xD;
      Executed DbCommand (2ms) [Parameters=[], CommandType='Text', CommandTimeout='30']&#xD;
      SELECT d."Id", d."FriendlyName", d."Xml"&#xD;
      FROM "DataProtectionKeys" AS d&#xD;
info: Microsoft.EntityFrameworkCore.Database.Command[20101]&#xD;
      Executed DbCommand (78ms) [Parameters=[], CommandType='Text', CommandTimeout='30']&#xD;
      DROP DATABASE bobcrm WITH (FORCE);&#xD;
info: Microsoft.EntityFrameworkCore.Database.Command[20101]&#xD;
      Executed DbCommand (166ms) [Parameters=[], CommandType='Text', CommandTimeout='30']&#xD;
      CREATE DATABASE bobcrm;&#xD;
info: Microsoft.EntityFrameworkCore.Database.Command[20101]&#xD;
      Executed DbCommand (17ms) [Parameters=[], CommandType='Text', CommandTimeout='30']&#xD;
      CREATE TABLE "AspNetRoles" (&#xD;
          "Id" text NOT NULL,&#xD;
          "Name" character varying(256),&#xD;
          "NormalizedName" character varying(256),&#xD;
          "ConcurrencyStamp" text,&#xD;
          CONSTRAINT "PK_AspNetRoles" PRIMARY KEY ("Id")&#xD;
      );&#xD;
info: Microsoft.EntityFrameworkCore.Database.Command[20101]&#xD;
      Executed DbCommand (15ms) [Parameters=[], CommandType='Text', CommandTimeout='30']&#xD;
      CREATE TABLE "AspNetUsers" (&#xD;
          "Id" text NOT NULL,&#xD;
          "UserName" character varying(256),&#xD;
          "NormalizedUserName" character varying(256),&#xD;
          "Email" character varying(256),&#xD;
          "NormalizedEmail" character varying(256),&#xD;
          "EmailConfirmed" boolean NOT NULL,&#xD;
          "PasswordHash" text,&#xD;
          "SecurityStamp" text,&#xD;
          "ConcurrencyStamp" text,&#xD;
          "PhoneNumber" text,&#xD;
          "PhoneNumberConfirmed" boolean NOT NULL,&#xD;
          "TwoFactorEnabled" boolean NOT NULL,&#xD;
          "LockoutEnd" timestamp with time zone,&#xD;
          "LockoutEnabled" boolean NOT NULL,&#xD;
          "AccessFailedCount" integer NOT NULL,&#xD;
          CONSTRAINT "PK_AspNetUsers" PRIMARY KEY ("Id")&#xD;
      );&#xD;
info: Microsoft.EntityFrameworkCore.Database.Command[20101]&#xD;
      Executed DbCommand (14ms) [Parameters=[], CommandType='Text', CommandTimeout='30']&#xD;
      CREATE TABLE "CustomerAccesses" (&#xD;
          "Id" integer GENERATED BY DEFAULT AS IDENTITY,&#xD;
          "CustomerId" integer NOT NULL,&#xD;
          "UserId" text NOT NULL,&#xD;
          "CanEdit" boolean NOT NULL,&#xD;
          CONSTRAINT "PK_CustomerAccesses" PRIMARY KEY ("Id")&#xD;
      );&#xD;
info: Microsoft.EntityFrameworkCore.Database.Command[20101]&#xD;
      Executed DbCommand (12ms) [Parameters=[], CommandType='Text', CommandTimeout='30']&#xD;
      CREATE TABLE "Customers" (&#xD;
          "Id" integer GENERATED BY DEFAULT AS IDENTITY,&#xD;
          "Code" character varying(64) NOT NULL,&#xD;
          "Name" character varying(256) NOT NULL,&#xD;
          "Version" integer NOT NULL,&#xD;
          "ExtData" jsonb,&#xD;
          "CreatedAt" timestamp without time zone NOT NULL,&#xD;
          "CreatedBy" character varying(128),&#xD;
          "UpdatedAt" timestamp without time zone NOT NULL,&#xD;
          "UpdatedBy" character varying(128),&#xD;
          CONSTRAINT "PK_Customers" PRIMARY KEY ("Id")&#xD;
      );&#xD;
info: Microsoft.EntityFrameworkCore.Database.Command[20101]&#xD;
      Executed DbCommand (12ms) [Parameters=[], CommandType='Text', CommandTimeout='30']&#xD;
      CREATE TABLE "DataProtectionKeys" (&#xD;
          "Id" integer GENERATED BY DEFAULT AS IDENTITY,&#xD;
          "FriendlyName" text,&#xD;
          "Xml" text,&#xD;
          CONSTRAINT "PK_DataProtectionKeys" PRIMARY KEY ("Id")&#xD;
      );&#xD;
info: Microsoft.EntityFrameworkCore.Database.Command[20101]&#xD;
      Executed DbCommand (13ms) [Parameters=[], CommandType='Text', CommandTimeout='30']&#xD;
      CREATE TABLE "FieldDefinitions" (&#xD;
          "Id" integer GENERATED BY DEFAULT AS IDENTITY,&#xD;
          "Key" character varying(64) NOT NULL,&#xD;
          "DisplayName" character varying(256) NOT NULL,&#xD;
          "DataType" character varying(64) NOT NULL,&#xD;
          "Tags" jsonb,&#xD;
          "Actions" jsonb,&#xD;
          "Required" boolean NOT NULL,&#xD;
          "Validation" character varying(512),&#xD;
          "DefaultValue" text,&#xD;
          "CreatedAt" timestamp without time zone NOT NULL,&#xD;
          "CreatedBy" character varying(128),&#xD;
          "UpdatedAt" timestamp without time zone NOT NULL,&#xD;
          "UpdatedBy" character varying(128),&#xD;
          CONSTRAINT "PK_FieldDefinitions" PRIMARY KEY ("Id")&#xD;
      );&#xD;
info: Microsoft.EntityFrameworkCore.Database.Command[20101]&#xD;
      Executed DbCommand (11ms) [Parameters=[], CommandType='Text', CommandTimeout='30']&#xD;
      CREATE TABLE "FieldValues" (&#xD;
          "Id" integer GENERATED BY DEFAULT AS IDENTITY,&#xD;
          "CustomerId" integer NOT NULL,&#xD;
          "FieldDefinitionId" integer NOT NULL,&#xD;
          "Value" jsonb,&#xD;
          "Version" integer NOT NULL,&#xD;
          "CreatedAt" timestamp without time zone NOT NULL,&#xD;
          "CreatedBy" character varying(128),&#xD;
          "UpdatedAt" timestamp without time zone NOT NULL,&#xD;
          "UpdatedBy" character varying(128),&#xD;
          CONSTRAINT "PK_FieldValues" PRIMARY KEY ("Id")&#xD;
      );&#xD;
info: Microsoft.EntityFrameworkCore.Database.Command[20101]&#xD;
      Executed DbCommand (13ms) [Parameters=[], CommandType='Text', CommandTimeout='30']&#xD;
      CREATE TABLE "LocalizationLanguages" (&#xD;
          "Id" integer GENERATED BY DEFAULT AS IDENTITY,&#xD;
          "Code" text NOT NULL,&#xD;
          "NativeName" text NOT NULL,&#xD;
          CONSTRAINT "PK_LocalizationLanguages" PRIMARY KEY ("Id")&#xD;
      );&#xD;
info: Microsoft.EntityFrameworkCore.Database.Command[20101]&#xD;
      Executed DbCommand (12ms) [Parameters=[], CommandType='Text', CommandTimeout='30']&#xD;
      CREATE TABLE "LocalizationResources" (&#xD;
          "Key" character varying(256) NOT NULL,&#xD;
          "ZH" text,&#xD;
          "JA" text,&#xD;
          "EN" text,&#xD;
          CONSTRAINT "PK_LocalizationResources" PRIMARY KEY ("Key")&#xD;
      );&#xD;
info: Microsoft.EntityFrameworkCore.Database.Command[20101]&#xD;
      Executed DbCommand (12ms) [Parameters=[], CommandType='Text', CommandTimeout='30']&#xD;
      CREATE TABLE "RefreshTokens" (&#xD;
          "Id" integer GENERATED BY DEFAULT AS IDENTITY,&#xD;
          "UserId" text NOT NULL,&#xD;
          "Token" text NOT NULL,&#xD;
          "ExpiresAt" timestamp without time zone NOT NULL,&#xD;
          "CreatedAt" timestamp without time zone NOT NULL,&#xD;
          "RevokedAt" timestamp without time zone,&#xD;
          CONSTRAINT "PK_RefreshTokens" PRIMARY KEY ("Id")&#xD;
      );&#xD;
info: Microsoft.EntityFrameworkCore.Database.Command[20101]&#xD;
      Executed DbCommand (13ms) [Parameters=[], CommandType='Text', CommandTimeout='30']&#xD;
      CREATE TABLE "UserLayouts" (&#xD;
          "Id" integer GENERATED BY DEFAULT AS IDENTITY,&#xD;
          "UserId" text NOT NULL,&#xD;
          "CustomerId" integer NOT NULL,&#xD;
          "LayoutJson" jsonb,&#xD;
          "CreatedAt" timestamp without time zone NOT NULL,&#xD;
          "CreatedBy" character varying(128),&#xD;
          "UpdatedAt" timestamp without time zone NOT NULL,&#xD;
          "UpdatedBy" character varying(128),&#xD;
          CONSTRAINT "PK_UserLayouts" PRIMARY KEY ("Id")&#xD;
      );&#xD;
info: Microsoft.EntityFrameworkCore.Database.Command[20101]&#xD;
      Executed DbCommand (14ms) [Parameters=[], CommandType='Text', CommandTimeout='30']&#xD;
      CREATE TABLE "AspNetRoleClaims" (&#xD;
          "Id" integer GENERATED BY DEFAULT AS IDENTITY,&#xD;
          "RoleId" text NOT NULL,&#xD;
          "ClaimType" text,&#xD;
          "ClaimValue" text,&#xD;
          CONSTRAINT "PK_AspNetRoleClaims" PRIMARY KEY ("Id"),&#xD;
          CONSTRAINT "FK_AspNetRoleClaims_AspNetRoles_RoleId" FOREIGN KEY ("RoleId") REFERENCES "AspNetRoles" ("Id") ON DELETE CASCADE&#xD;
      );&#xD;
info: Microsoft.EntityFrameworkCore.Database.Command[20101]&#xD;
      Executed DbCommand (13ms) [Parameters=[], CommandType='Text', CommandTimeout='30']&#xD;
      CREATE TABLE "AspNetUserClaims" (&#xD;
          "Id" integer GENERATED BY DEFAULT AS IDENTITY,&#xD;
          "UserId" text NOT NULL,&#xD;
          "ClaimType" text,&#xD;
          "ClaimValue" text,&#xD;
          CONSTRAINT "PK_AspNetUserClaims" PRIMARY KEY ("Id"),&#xD;
          CONSTRAINT "FK_AspNetUserClaims_AspNetUsers_UserId" FOREIGN KEY ("UserId") REFERENCES "AspNetUsers" ("Id") ON DELETE CASCADE&#xD;
      );&#xD;
info: Microsoft.EntityFrameworkCore.Database.Command[20101]&#xD;
      Executed DbCommand (12ms) [Parameters=[], CommandType='Text', CommandTimeout='30']&#xD;
      CREATE TABLE "AspNetUserLogins" (&#xD;
          "LoginProvider" text NOT NULL,&#xD;
          "ProviderKey" text NOT NULL,&#xD;
          "ProviderDisplayName" text,&#xD;
          "UserId" text NOT NULL,&#xD;
          CONSTRAINT "PK_AspNetUserLogins" PRIMARY KEY ("LoginProvider", "ProviderKey"),&#xD;
          CONSTRAINT "FK_AspNetUserLogins_AspNetUsers_UserId" FOREIGN KEY ("UserId") REFERENCES "AspNetUsers" ("Id") ON DELETE CASCADE&#xD;
      );&#xD;
info: Microsoft.EntityFrameworkCore.Database.Command[20101]&#xD;
      Executed DbCommand (12ms) [Parameters=[], CommandType='Text', CommandTimeout='30']&#xD;
      CREATE TABLE "AspNetUserRoles" (&#xD;
          "UserId" text NOT NULL,&#xD;
          "RoleId" text NOT NULL,&#xD;
          CONSTRAINT "PK_AspNetUserRoles" PRIMARY KEY ("UserId", "RoleId"),&#xD;
          CONSTRAINT "FK_AspNetUserRoles_AspNetRoles_RoleId" FOREIGN KEY ("RoleId") REFERENCES "AspNetRoles" ("Id") ON DELETE CASCADE,&#xD;
          CONSTRAINT "FK_AspNetUserRoles_AspNetUsers_UserId" FOREIGN KEY ("UserId") REFERENCES "AspNetUsers" ("Id") ON DELETE CASCADE&#xD;
      );&#xD;
info: Microsoft.EntityFrameworkCore.Database.Command[20101]&#xD;
      Executed DbCommand (14ms) [Parameters=[], CommandType='Text', CommandTimeout='30']&#xD;
      CREATE TABLE "AspNetUserTokens" (&#xD;
          "UserId" text NOT NULL,&#xD;
          "LoginProvider" text NOT NULL,&#xD;
          "Name" text NOT NULL,&#xD;
          "Value" text,&#xD;
          CONSTRAINT "PK_AspNetUserTokens" PRIMARY KEY ("UserId", "LoginProvider", "Name"),&#xD;
          CONSTRAINT "FK_AspNetUserTokens_AspNetUsers_UserId" FOREIGN KEY ("UserId") REFERENCES "AspNetUsers" ("Id") ON DELETE CASCADE&#xD;
      );&#xD;
info: Microsoft.EntityFrameworkCore.Database.Command[20101]&#xD;
      Executed DbCommand (7ms) [Parameters=[], CommandType='Text', CommandTimeout='30']&#xD;
      CREATE INDEX "IX_AspNetRoleClaims_RoleId" ON "AspNetRoleClaims" ("RoleId");&#xD;
info: Microsoft.EntityFrameworkCore.Database.Command[20101]&#xD;
      Executed DbCommand (7ms) [Parameters=[], CommandType='Text', CommandTimeout='30']&#xD;
      CREATE UNIQUE INDEX "RoleNameIndex" ON "AspNetRoles" ("NormalizedName");&#xD;
info: Microsoft.EntityFrameworkCore.Database.Command[20101]&#xD;
      Executed DbCommand (7ms) [Parameters=[], CommandType='Text', CommandTimeout='30']&#xD;
      CREATE INDEX "IX_AspNetUserClaims_UserId" ON "AspNetUserClaims" ("UserId");&#xD;
info: Microsoft.EntityFrameworkCore.Database.Command[20101]&#xD;
      Executed DbCommand (7ms) [Parameters=[], CommandType='Text', CommandTimeout='30']&#xD;
      CREATE INDEX "IX_AspNetUserLogins_UserId" ON "AspNetUserLogins" ("UserId");&#xD;
info: Microsoft.EntityFrameworkCore.Database.Command[20101]&#xD;
      Executed DbCommand (7ms) [Parameters=[], CommandType='Text', CommandTimeout='30']&#xD;
      CREATE INDEX "IX_AspNetUserRoles_RoleId" ON "AspNetUserRoles" ("RoleId");&#xD;
info: Microsoft.EntityFrameworkCore.Database.Command[20101]&#xD;
      Executed DbCommand (8ms) [Parameters=[], CommandType='Text', CommandTimeout='30']&#xD;
      CREATE INDEX "EmailIndex" ON "AspNetUsers" ("NormalizedEmail");&#xD;
info: Microsoft.EntityFrameworkCore.Database.Command[20101]&#xD;
      Executed DbCommand (6ms) [Parameters=[], CommandType='Text', CommandTimeout='30']&#xD;
      CREATE UNIQUE INDEX "UserNameIndex" ON "AspNetUsers" ("NormalizedUserName");&#xD;
info: Microsoft.EntityFrameworkCore.Database.Command[20101]&#xD;
      Executed DbCommand (6ms) [Parameters=[], CommandType='Text', CommandTimeout='30']&#xD;
      CREATE UNIQUE INDEX "IX_Customers_Code" ON "Customers" ("Code");&#xD;
info: Microsoft.EntityFrameworkCore.Database.Command[20101]&#xD;
      Executed DbCommand (5ms) [Parameters=[], CommandType='Text', CommandTimeout='30']&#xD;
      CREATE UNIQUE INDEX "IX_FieldDefinitions_Key" ON "FieldDefinitions" ("Key");&#xD;
info: Microsoft.EntityFrameworkCore.Database.Command[20101]&#xD;
      Executed DbCommand (6ms) [Parameters=[], CommandType='Text', CommandTimeout='30']&#xD;
      CREATE UNIQUE INDEX "IX_UserLayouts_UserId_CustomerId" ON "UserLayouts" ("UserId", "CustomerId");&#xD;
info: Microsoft.EntityFrameworkCore.Database.Command[20101]&#xD;
      Executed DbCommand (2ms) [Parameters=[], CommandType='Text', CommandTimeout='30']&#xD;
      SELECT count(*)::int&#xD;
      FROM "Customers" AS c&#xD;
info: Microsoft.EntityFrameworkCore.Database.Command[20101]&#xD;
      Executed DbCommand (1ms) [Parameters=[], CommandType='Text', CommandTimeout='30']&#xD;
      CREATE TABLE IF NOT EXISTS "LocalizationLanguages" ("Id" SERIAL PRIMARY KEY, "Code" text NOT NULL, "NativeName" text NOT NULL);&#xD;
info: Microsoft.EntityFrameworkCore.Database.Command[20101]&#xD;
      Executed DbCommand (1ms) [Parameters=[], CommandType='Text', CommandTimeout='30']&#xD;
      SELECT EXISTS (&#xD;
          SELECT 1&#xD;
          FROM "Customers" AS c)&#xD;
info: Microsoft.EntityFrameworkCore.Database.Command[20101]&#xD;
      Executed DbCommand (1ms) [Parameters=[], CommandType='Text', CommandTimeout='30']&#xD;
      SELECT EXISTS (&#xD;
          SELECT 1&#xD;
          FROM "FieldDefinitions" AS f)&#xD;
info: Microsoft.EntityFrameworkCore.Database.Command[20101]&#xD;
      Executed DbCommand (2ms) [Parameters=[], CommandType='Text', CommandTimeout='30']&#xD;
      SELECT EXISTS (&#xD;
          SELECT 1&#xD;
          FROM "LocalizationLanguages" AS l)&#xD;
info: Microsoft.EntityFrameworkCore.Database.Command[20101]&#xD;
      Executed DbCommand (2ms) [Parameters=[], CommandType='Text', CommandTimeout='30']&#xD;
      SELECT EXISTS (&#xD;
          SELECT 1&#xD;
          FROM "LocalizationResources" AS l)&#xD;
info: Microsoft.EntityFrameworkCore.Database.Command[20101]&#xD;
      Executed DbCommand (6ms) [Parameters=[@p0='?', @p1='?' (DbType = DateTime), @p2='?', @p3='?' (DbType = Object), @p4='?', @p5='?' (DbType = DateTime), @p6='?', @p7='?' (DbType = Int32), @p8='?', @p9='?' (DbType = DateTime), @p10='?', @p11='?' (DbType = Object), @p12='?', @p13='?' (DbType = DateTime), @p14='?', @p15='?' (DbType = Int32), @p16='?' (DbType = Object), @p17='?' (DbType = DateTime), @p18='?', @p19='?', @p20='?', @p21='?', @p22='?', @p23='?' (DbType = Boolean), @p24='?' (DbType = Object), @p25='?' (DbType = DateTime), @p26='?', @p27='?', @p28='?' (DbType = Object), @p29='?' (DbType = DateTime), @p30='?', @p31='?', @p32='?', @p33='?', @p34='?', @p35='?' (DbType = Boolean), @p36='?' (DbType = Object), @p37='?' (DbType = DateTime), @p38='?', @p39='?', @p40='?' (DbType = Object), @p41='?' (DbType = DateTime), @p42='?', @p43='?', @p44='?', @p45='?', @p46='?', @p47='?' (DbType = Boolean), @p48='?' (DbType = Object), @p49='?' (DbType = DateTime), @p50='?', @p51='?', @p52='?' (DbType = Object), @p53='?' (DbType = DateTime), @p54='?', @p55='?', @p56='?', @p57='?', @p58='?', @p59='?' (DbType = Boolean), @p60='?' (DbType = Object), @p61='?' (DbType = DateTime), @p62='?', @p63='?', @p64='?' (DbType = Object), @p65='?' (DbType = DateTime), @p66='?', @p67='?', @p68='?', @p69='?', @p70='?', @p71='?' (DbType = Boolean), @p72='?' (DbType = Object), @p73='?' (DbType = DateTime), @p74='?', @p75='?', @p76='?', @p77='?', @p78='?', @p79='?', @p80='?', @p81='?', @p82='?', @p83='?', @p84='?', @p85='?', @p86='?', @p87='?', @p88='?', @p89='?', @p90='?', @p91='?', @p92='?', @p93='?', @p94='?', @p95='?', @p96='?', @p97='?', @p98='?', @p99='?', @p100='?', @p101='?', @p102='?', @p103='?', @p104='?', @p105='?', @p106='?', @p107='?', @p108='?', @p109='?', @p110='?', @p111='?', @p112='?', @p113='?', @p114='?', @p115='?', @p116='?', @p117='?', @p118='?', @p119='?', @p120='?', @p121='?', @p122='?', @p123='?', @p124='?', @p125='?', @p126='?', @p127='?', @p128='?', @p129='?'], CommandType='Text', CommandTimeout='30']&#xD;
      INSERT INTO "Customers" ("Code", "CreatedAt", "CreatedBy", "ExtData", "Name", "UpdatedAt", "UpdatedBy", "Version")&#xD;
      VALUES (@p0, @p1, @p2, @p3, @p4, @p5, @p6, @p7)&#xD;
      RETURNING "Id";&#xD;
      INSERT INTO "Customers" ("Code", "CreatedAt", "CreatedBy", "ExtData", "Name", "UpdatedAt", "UpdatedBy", "Version")&#xD;
      VALUES (@p8, @p9, @p10, @p11, @p12, @p13, @p14, @p15)&#xD;
      RETURNING "Id";&#xD;
      INSERT INTO "FieldDefinitions" ("Actions", "CreatedAt", "CreatedBy", "DataType", "DefaultValue", "DisplayName", "Key", "Required", "Tags", "UpdatedAt", "UpdatedBy", "Validation")&#xD;
      VALUES (@p16, @p17, @p18, @p19, @p20, @p21, @p22, @p23, @p24, @p25, @p26, @p27)&#xD;
      RETURNING "Id";&#xD;
      INSERT INTO "FieldDefinitions" ("Actions", "CreatedAt", "CreatedBy", "DataType", "DefaultValue", "DisplayName", "Key", "Required", "Tags", "UpdatedAt", "UpdatedBy", "Validation")&#xD;
      VALUES (@p28, @p29, @p30, @p31, @p32, @p33, @p34, @p35, @p36, @p37, @p38, @p39)&#xD;
      RETURNING "Id";&#xD;
      INSERT INTO "FieldDefinitions" ("Actions", "CreatedAt", "CreatedBy", "DataType", "DefaultValue", "DisplayName", "Key", "Required", "Tags", "UpdatedAt", "UpdatedBy", "Validation")&#xD;
      VALUES (@p40, @p41, @p42, @p43, @p44, @p45, @p46, @p47, @p48, @p49, @p50, @p51)&#xD;
      RETURNING "Id";&#xD;
      INSERT INTO "FieldDefinitions" ("Actions", "CreatedAt", "CreatedBy", "DataType", "DefaultValue", "DisplayName", "Key", "Required", "Tags", "UpdatedAt", "UpdatedBy", "Validation")&#xD;
      VALUES (@p52, @p53, @p54, @p55, @p56, @p57, @p58, @p59, @p60, @p61, @p62, @p63)&#xD;
      RETURNING "Id";&#xD;
      INSERT INTO "FieldDefinitions" ("Actions", "CreatedAt", "CreatedBy", "DataType", "DefaultValue", "DisplayName", "Key", "Required", "Tags", "UpdatedAt", "UpdatedBy", "Validation")&#xD;
      VALUES (@p64, @p65, @p66, @p67, @p68, @p69, @p70, @p71, @p72, @p73, @p74, @p75)&#xD;
      RETURNING "Id";&#xD;
      INSERT INTO "LocalizationLanguages" ("Code", "NativeName")&#xD;
      VALUES (@p76, @p77)&#xD;
      RETURNING "Id";&#xD;
      INSERT INTO "LocalizationLanguages" ("Code", "NativeName")&#xD;
      VALUES (@p78, @p79)&#xD;
      RETURNING "Id";&#xD;
      INSERT INTO "LocalizationLanguages" ("Code", "NativeName")&#xD;
      VALUES (@p80, @p81)&#xD;
      RETURNING "Id";&#xD;
      INSERT INTO "LocalizationResources" ("Key", "EN", "JA", "ZH")&#xD;
      VALUES (@p82, @p83, @p84, @p85);&#xD;
      INSERT INTO "LocalizationResources" ("Key", "EN", "JA", "ZH")&#xD;
      VALUES (@p86, @p87, @p88, @p89);&#xD;
      INSERT INTO "LocalizationResources" ("Key", "EN", "JA", "ZH")&#xD;
      VALUES (@p90, @p91, @p92, @p93);&#xD;
      INSERT INTO "LocalizationResources" ("Key", "EN", "JA", "ZH")&#xD;
      VALUES (@p94, @p95, @p96, @p97);&#xD;
      INSERT INTO "LocalizationResources" ("Key", "EN", "JA", "ZH")&#xD;
      VALUES (@p98, @p99, @p100, @p101);&#xD;
      INSERT INTO "LocalizationResources" ("Key", "EN", "JA", "ZH")&#xD;
      VALUES (@p102, @p103, @p104, @p105);&#xD;
      INSERT INTO "LocalizationResources" ("Key", "EN", "JA", "ZH")&#xD;
      VALUES (@p106, @p107, @p108, @p109);&#xD;
      INSERT INTO "LocalizationResources" ("Key", "EN", "JA", "ZH")&#xD;
      VALUES (@p110, @p111, @p112, @p113);&#xD;
      INSERT INTO "LocalizationResources" ("Key", "EN", "JA", "ZH")&#xD;
      VALUES (@p114, @p115, @p116, @p117);&#xD;
      INSERT INTO "LocalizationResources" ("Key", "EN", "JA", "ZH")&#xD;
      VALUES (@p118, @p119, @p120, @p121);&#xD;
      INSERT INTO "LocalizationResources" ("Key", "EN", "JA", "ZH")&#xD;
      VALUES (@p122, @p123, @p124, @p125);&#xD;
      INSERT INTO "LocalizationResources" ("Key", "EN", "JA", "ZH")&#xD;
      VALUES (@p126, @p127, @p128, @p129);&#xD;
info: Microsoft.EntityFrameworkCore.Database.Command[20101]&#xD;
      Executed DbCommand (6ms) [Parameters=[], CommandType='Text', CommandTimeout='30']&#xD;
      CREATE INDEX IF NOT EXISTS idx_fieldvalues_value_gin ON "FieldValues" USING GIN ("Value");&#xD;
info: Microsoft.EntityFrameworkCore.Database.Command[20101]&#xD;
      Executed DbCommand (4ms) [Parameters=[], CommandType='Text', CommandTimeout='30']&#xD;
      CREATE INDEX IF NOT EXISTS idx_fielddefinitions_tags_gin ON "FieldDefinitions" USING GIN ("Tags");&#xD;
info: Microsoft.EntityFrameworkCore.Database.Command[20101]&#xD;
      Executed DbCommand (5ms) [Parameters=[], CommandType='Text', CommandTimeout='30']&#xD;
      CREATE INDEX IF NOT EXISTS idx_fielddefinitions_actions_gin ON "FieldDefinitions" USING GIN ("Actions");&#xD;
info: Microsoft.EntityFrameworkCore.Database.Command[20101]&#xD;
      Executed DbCommand (4ms) [Parameters=[], CommandType='Text', CommandTimeout='30']&#xD;
      CREATE INDEX IF NOT EXISTS idx_userlayouts_layoutjson_gin ON "UserLayouts" USING GIN ("LayoutJson");&#xD;
info: Microsoft.EntityFrameworkCore.Database.Command[20101]&#xD;
      Executed DbCommand (8ms) [Parameters=[], CommandType='Text', CommandTimeout='30']&#xD;
      CREATE INDEX IF NOT EXISTS idx_fieldvalues_customer_field ON "FieldValues" ("CustomerId", "FieldDefinitionId");&#xD;
info: Microsoft.EntityFrameworkCore.Database.Command[20101]&#xD;
      Executed DbCommand (4ms) [Parameters=[@__normalizedName_0='?'], CommandType='Text', CommandTimeout='30']&#xD;
      SELECT a."Id", a."ConcurrencyStamp", a."Name", a."NormalizedName"&#xD;
      FROM "AspNetRoles" AS a&#xD;
      WHERE a."NormalizedName" = @__normalizedName_0&#xD;
      LIMIT 1&#xD;
info: Microsoft.EntityFrameworkCore.Database.Command[20101]&#xD;
      Executed DbCommand (2ms) [Parameters=[@__normalizedName_0='?'], CommandType='Text', CommandTimeout='30']&#xD;
      SELECT a."Id", a."ConcurrencyStamp", a."Name", a."NormalizedName"&#xD;
      FROM "AspNetRoles" AS a&#xD;
      WHERE a."NormalizedName" = @__normalizedName_0&#xD;
      LIMIT 1&#xD;
info: Microsoft.EntityFrameworkCore.Database.Command[20101]&#xD;
      Executed DbCommand (4ms) [Parameters=[@p0='?', @p1='?', @p2='?', @p3='?'], CommandType='Text', CommandTimeout='30']&#xD;
      INSERT INTO "AspNetRoles" ("Id", "ConcurrencyStamp", "Name", "NormalizedName")&#xD;
      VALUES (@p0, @p1, @p2, @p3);&#xD;
info: Microsoft.EntityFrameworkCore.Database.Command[20101]&#xD;
      Executed DbCommand (2ms) [Parameters=[@__normalizedUserName_0='?'], CommandType='Text', CommandTimeout='30']&#xD;
      SELECT a."Id", a."AccessFailedCount", a."ConcurrencyStamp", a."Email", a."EmailConfirmed", a."LockoutEnabled", a."LockoutEnd", a."NormalizedEmail", a."NormalizedUserName", a."PasswordHash", a."PhoneNumber", a."PhoneNumberConfirmed", a."SecurityStamp", a."TwoFactorEnabled", a."UserName"&#xD;
      FROM "AspNetUsers" AS a&#xD;
      WHERE a."NormalizedUserName" = @__normalizedUserName_0&#xD;
      LIMIT 1&#xD;
info: Microsoft.EntityFrameworkCore.Database.Command[20101]&#xD;
      Executed DbCommand (2ms) [Parameters=[@__normalizedUserName_0='?'], CommandType='Text', CommandTimeout='30']&#xD;
      SELECT a."Id", a."AccessFailedCount", a."ConcurrencyStamp", a."Email", a."EmailConfirmed", a."LockoutEnabled", a."LockoutEnd", a."NormalizedEmail", a."NormalizedUserName", a."PasswordHash", a."PhoneNumber", a."PhoneNumberConfirmed", a."SecurityStamp", a."TwoFactorEnabled", a."UserName"&#xD;
      FROM "AspNetUsers" AS a&#xD;
      WHERE a."NormalizedUserName" = @__normalizedUserName_0&#xD;
      LIMIT 1&#xD;
info: Microsoft.EntityFrameworkCore.Database.Command[20101]&#xD;
      Executed DbCommand (2ms) [Parameters=[@__normalizedEmail_0='?'], CommandType='Text', CommandTimeout='30']&#xD;
      SELECT a."Id", a."AccessFailedCount", a."ConcurrencyStamp", a."Email", a."EmailConfirmed", a."LockoutEnabled", a."LockoutEnd", a."NormalizedEmail", a."NormalizedUserName", a."PasswordHash", a."PhoneNumber", a."PhoneNumberConfirmed", a."SecurityStamp", a."TwoFactorEnabled", a."UserName"&#xD;
      FROM "AspNetUsers" AS a&#xD;
      WHERE a."NormalizedEmail" = @__normalizedEmail_0&#xD;
      LIMIT 2&#xD;
info: Microsoft.EntityFrameworkCore.Database.Command[20101]&#xD;
      Executed DbCommand (4ms) [Parameters=[@p0='?', @p1='?' (DbType = Int32), @p2='?', @p3='?', @p4='?' (DbType = Boolean), @p5='?' (DbType = Boolean), @p6='?' (DbType = DateTimeOffset), @p7='?', @p8='?', @p9='?', @p10='?', @p11='?' (DbType = Boolean), @p12='?', @p13='?' (DbType = Boolean), @p14='?'], CommandType='Text', CommandTimeout='30']&#xD;
      INSERT INTO "AspNetUsers" ("Id", "AccessFailedCount", "ConcurrencyStamp", "Email", "EmailConfirmed", "LockoutEnabled", "LockoutEnd", "NormalizedEmail", "NormalizedUserName", "PasswordHash", "PhoneNumber", "PhoneNumberConfirmed", "SecurityStamp", "TwoFactorEnabled", "UserName")&#xD;
      VALUES (@p0, @p1, @p2, @p3, @p4, @p5, @p6, @p7, @p8, @p9, @p10, @p11, @p12, @p13, @p14);&#xD;
info: Microsoft.EntityFrameworkCore.Database.Command[20101]&#xD;
      Executed DbCommand (1ms) [Parameters=[@__normalizedRoleName_0='?'], CommandType='Text', CommandTimeout='30']&#xD;
      SELECT a."Id", a."ConcurrencyStamp", a."Name", a."NormalizedName"&#xD;
      FROM "AspNetRoles" AS a&#xD;
      WHERE a."NormalizedName" = @__normalizedRoleName_0&#xD;
      LIMIT 2&#xD;
info: Microsoft.EntityFrameworkCore.Database.Command[20101]&#xD;
      Executed DbCommand (1ms) [Parameters=[@__p_0='?', @__p_1='?'], CommandType='Text', CommandTimeout='30']&#xD;
      SELECT a."UserId", a."RoleId"&#xD;
      FROM "AspNetUserRoles" AS a&#xD;
      WHERE a."UserId" = @__p_0 AND a."RoleId" = @__p_1&#xD;
      LIMIT 1&#xD;
info: Microsoft.EntityFrameworkCore.Database.Command[20101]&#xD;
      Executed DbCommand (1ms) [Parameters=[@__normalizedRoleName_0='?'], CommandType='Text', CommandTimeout='30']&#xD;
      SELECT a."Id", a."ConcurrencyStamp", a."Name", a."NormalizedName"&#xD;
      FROM "AspNetRoles" AS a&#xD;
      WHERE a."NormalizedName" = @__normalizedRoleName_0&#xD;
      LIMIT 2&#xD;
info: Microsoft.EntityFrameworkCore.Database.Command[20101]&#xD;
      Executed DbCommand (1ms) [Parameters=[@__normalizedUserName_0='?'], CommandType='Text', CommandTimeout='30']&#xD;
      SELECT a."Id", a."AccessFailedCount", a."ConcurrencyStamp", a."Email", a."EmailConfirmed", a."LockoutEnabled", a."LockoutEnd", a."NormalizedEmail", a."NormalizedUserName", a."PasswordHash", a."PhoneNumber", a."PhoneNumberConfirmed", a."SecurityStamp", a."TwoFactorEnabled", a."UserName"&#xD;
      FROM "AspNetUsers" AS a&#xD;
      WHERE a."NormalizedUserName" = @__normalizedUserName_0&#xD;
      LIMIT 1&#xD;
info: Microsoft.EntityFrameworkCore.Database.Command[20101]&#xD;
      Executed DbCommand (1ms) [Parameters=[@__normalizedEmail_0='?'], CommandType='Text', CommandTimeout='30']&#xD;
      SELECT a."Id", a."AccessFailedCount", a."ConcurrencyStamp", a."Email", a."EmailConfirmed", a."LockoutEnabled", a."LockoutEnd", a."NormalizedEmail", a."NormalizedUserName", a."PasswordHash", a."PhoneNumber", a."PhoneNumberConfirmed", a."SecurityStamp", a."TwoFactorEnabled", a."UserName"&#xD;
      FROM "AspNetUsers" AS a&#xD;
      WHERE a."NormalizedEmail" = @__normalizedEmail_0&#xD;
      LIMIT 2&#xD;
info: Microsoft.EntityFrameworkCore.Database.Command[20101]&#xD;
      Executed DbCommand (3ms) [Parameters=[@p0='?', @p1='?', @p16='?', @p2='?' (DbType = Int32), @p3='?', @p17='?', @p4='?', @p5='?' (DbType = Boolean), @p6='?' (DbType = Boolean), @p7='?' (DbType = DateTimeOffset), @p8='?', @p9='?', @p10='?', @p11='?', @p12='?' (DbType = Boolean), @p13='?', @p14='?' (DbType = Boolean), @p15='?'], CommandType='Text', CommandTimeout='30']&#xD;
      INSERT INTO "AspNetUserRoles" ("RoleId", "UserId")&#xD;
      VALUES (@p0, @p1);&#xD;
      UPDATE "AspNetUsers" SET "AccessFailedCount" = @p2, "ConcurrencyStamp" = @p3, "Email" = @p4, "EmailConfirmed" = @p5, "LockoutEnabled" = @p6, "LockoutEnd" = @p7, "NormalizedEmail" = @p8, "NormalizedUserName" = @p9, "PasswordHash" = @p10, "PhoneNumber" = @p11, "PhoneNumberConfirmed" = @p12, "SecurityStamp" = @p13, "TwoFactorEnabled" = @p14, "UserName" = @p15&#xD;
      WHERE "Id" = @p16 AND "ConcurrencyStamp" = @p17;&#xD;
info: Microsoft.EntityFrameworkCore.Database.Command[20101]&#xD;
      Executed DbCommand (1ms) [Parameters=[], CommandType='Text', CommandTimeout='30']&#xD;
      SELECT c."Id"&#xD;
      FROM "Customers" AS c&#xD;
info: Microsoft.EntityFrameworkCore.Database.Command[20101]&#xD;
      Executed DbCommand (1ms) [Parameters=[@__cid_0='?' (DbType = Int32), @__8__locals1_admin_Id_1='?'], CommandType='Text', CommandTimeout='30']&#xD;
      SELECT EXISTS (&#xD;
          SELECT 1&#xD;
          FROM "CustomerAccesses" AS c&#xD;
          WHERE c."CustomerId" = @__cid_0 AND c."UserId" = @__8__locals1_admin_Id_1)&#xD;
info: Microsoft.EntityFrameworkCore.Database.Command[20101]&#xD;
      Executed DbCommand (1ms) [Parameters=[@__cid_0='?' (DbType = Int32), @__8__locals1_admin_Id_1='?'], CommandType='Text', CommandTimeout='30']&#xD;
      SELECT EXISTS (&#xD;
          SELECT 1&#xD;
          FROM "CustomerAccesses" AS c&#xD;
          WHERE c."CustomerId" = @__cid_0 AND c."UserId" = @__8__locals1_admin_Id_1)&#xD;
info: Microsoft.EntityFrameworkCore.Database.Command[20101]&#xD;
      Executed DbCommand (2ms) [Parameters=[@p0='?' (DbType = Boolean), @p1='?' (DbType = Int32), @p2='?', @p3='?' (DbType = Boolean), @p4='?' (DbType = Int32), @p5='?'], CommandType='Text', CommandTimeout='30']&#xD;
      INSERT INTO "CustomerAccesses" ("CanEdit", "CustomerId", "UserId")&#xD;
      VALUES (@p0, @p1, @p2)&#xD;
      RETURNING "Id";&#xD;
      INSERT INTO "CustomerAccesses" ("CanEdit", "CustomerId", "UserId")&#xD;
      VALUES (@p3, @p4, @p5)&#xD;
      RETURNING "Id";&#xD;
info: Microsoft.AspNetCore.Hosting.Diagnostics[1]&#xD;
      Request starting HTTP/1.1 POST http://localhost/api/auth/login - application/json;+charset=utf-8 45&#xD;
info: Microsoft.AspNetCore.Routing.EndpointMiddleware[0]&#xD;
      Executing endpoint 'HTTP: POST /api/auth/login'&#xD;
info: Microsoft.EntityFrameworkCore.Database.Command[20101]&#xD;
      Executed DbCommand (2ms) [Parameters=[@__normalizedUserName_0='?'], CommandType='Text', CommandTimeout='30']&#xD;
      SELECT a."Id", a."AccessFailedCount", a."ConcurrencyStamp", a."Email", a."EmailConfirmed", a."LockoutEnabled", a."LockoutEnd", a."NormalizedEmail", a."NormalizedUserName", a."PasswordHash", a."PhoneNumber", a."PhoneNumberConfirmed", a."SecurityStamp", a."TwoFactorEnabled", a."UserName"&#xD;
      FROM "AspNetUsers" AS a&#xD;
      WHERE a."NormalizedUserName" = @__normalizedUserName_0&#xD;
      LIMIT 1&#xD;
info: Microsoft.EntityFrameworkCore.Database.Command[20101]&#xD;
      Executed DbCommand (5ms) [Parameters=[@p0='?' (DbType = DateTime), @p1='?' (DbType = DateTime), @p2='?' (DbType = DateTime), @p3='?', @p4='?'], CommandType='Text', CommandTimeout='30']&#xD;
      INSERT INTO "RefreshTokens" ("CreatedAt", "ExpiresAt", "RevokedAt", "Token", "UserId")&#xD;
      VALUES (@p0, @p1, @p2, @p3, @p4)&#xD;
      RETURNING "Id";&#xD;
info: Microsoft.AspNetCore.Http.Result.JsonResult[3]&#xD;
      Writing value of type '&lt;&gt;f__AnonymousType11`3' as Json.&#xD;
info: Microsoft.AspNetCore.Routing.EndpointMiddleware[1]&#xD;
      Executed endpoint 'HTTP: POST /api/auth/login'&#xD;
info: Microsoft.AspNetCore.Hosting.Diagnostics[2]&#xD;
      Request finished HTTP/1.1 POST http://localhost/api/auth/login - 200 - application/json;+charset=utf-8 133.8755ms&#xD;
info: Microsoft.AspNetCore.Hosting.Diagnostics[1]&#xD;
      Request starting HTTP/1.1 GET http://localhost/api/i18n/resources - - -&#xD;
info: Microsoft.AspNetCore.Routing.EndpointMiddleware[0]&#xD;
      Executing endpoint 'HTTP: GET /api/i18n/resources'&#xD;
info: Microsoft.EntityFrameworkCore.Database.Command[20101]&#xD;
      Executed DbCommand (1ms) [Parameters=[], CommandType='Text', CommandTimeout='30']&#xD;
      SELECT l."Key", l."EN", l."JA", l."ZH"&#xD;
      FROM "LocalizationResources" AS l&#xD;
info: Microsoft.AspNetCore.Http.Result.JsonResult[3]&#xD;
      Writing value of type 'List`1' as Json.&#xD;
info: Microsoft.AspNetCore.Routing.EndpointMiddleware[1]&#xD;
      Executed endpoint 'HTTP: GET /api/i18n/resources'&#xD;
info: Microsoft.AspNetCore.Hosting.Diagnostics[2]&#xD;
      Request finished HTTP/1.1 GET http://localhost/api/i18n/resources - 200 - application/json;+charset=utf-8 142.2656ms&#xD;
info: Microsoft.AspNetCore.Hosting.Diagnostics[1]&#xD;
      Request starting HTTP/1.1 GET http://localhost/api/i18n/zh - - -&#xD;
info: Microsoft.AspNetCore.Routing.EndpointMiddleware[0]&#xD;
      Executing endpoint 'HTTP: GET /api/i18n/{lang}'&#xD;
info: Microsoft.EntityFrameworkCore.Database.Command[20101]&#xD;
      Executed DbCommand (1ms) [Parameters=[], CommandType='Text', CommandTimeout='30']&#xD;
      SELECT l."Key", l."EN", l."JA", l."ZH"&#xD;
      FROM "LocalizationResources" AS l&#xD;
info: Microsoft.AspNetCore.Http.Result.JsonResult[3]&#xD;
      Writing value of type 'Dictionary`2' as Json.&#xD;
info: Microsoft.AspNetCore.Routing.EndpointMiddleware[1]&#xD;
      Executed endpoint 'HTTP: GET /api/i18n/{lang}'&#xD;
info: Microsoft.AspNetCore.Hosting.Diagnostics[2]&#xD;
      Request finished HTTP/1.1 GET http://localhost/api/i18n/zh - 200 - application/json;+charset=utf-8 5.1635ms&#xD;
info: Microsoft.AspNetCore.Hosting.Diagnostics[1]&#xD;
      Request starting HTTP/1.1 GET http://localhost/api/i18n/en - - -&#xD;
info: Microsoft.AspNetCore.Routing.EndpointMiddleware[0]&#xD;
      Executing endpoint 'HTTP: GET /api/i18n/{lang}'&#xD;
info: Microsoft.EntityFrameworkCore.Database.Command[20101]&#xD;
      Executed DbCommand (1ms) [Parameters=[], CommandType='Text', CommandTimeout='30']&#xD;
      SELECT l."Key", l."EN", l."JA", l."ZH"&#xD;
      FROM "LocalizationResources" AS l&#xD;
info: Microsoft.AspNetCore.Http.Result.JsonResult[3]&#xD;
      Writing value of type 'Dictionary`2' as Json.&#xD;
info: Microsoft.AspNetCore.Routing.EndpointMiddleware[1]&#xD;
      Executed endpoint 'HTTP: GET /api/i18n/{lang}'&#xD;
info: Microsoft.AspNetCore.Hosting.Diagnostics[2]&#xD;
      Request finished HTTP/1.1 GET http://localhost/api/i18n/en - 200 - application/json;+charset=utf-8 2.2300ms&#xD;
info: Microsoft.AspNetCore.Hosting.Diagnostics[1]&#xD;
      Request starting HTTP/1.1 GET http://localhost/api/i18n/ja - - -&#xD;
info: Microsoft.AspNetCore.Routing.EndpointMiddleware[0]&#xD;
      Executing endpoint 'HTTP: GET /api/i18n/{lang}'&#xD;
info: Microsoft.EntityFrameworkCore.Database.Command[20101]&#xD;
      Executed DbCommand (1ms) [Parameters=[], CommandType='Text', CommandTimeout='30']&#xD;
      SELECT l."Key", l."EN", l."JA", l."ZH"&#xD;
      FROM "LocalizationResources" AS l&#xD;
info: Microsoft.AspNetCore.Http.Result.JsonResult[3]&#xD;
      Writing value of type 'Dictionary`2' as Json.&#xD;
info: Microsoft.AspNetCore.Routing.EndpointMiddleware[1]&#xD;
      Executed endpoint 'HTTP: GET /api/i18n/{lang}'&#xD;
info: Microsoft.AspNetCore.Hosting.Diagnostics[2]&#xD;
      Request finished HTTP/1.1 GET http://localhost/api/i18n/ja - 200 - application/json;+charset=utf-8 2.6454ms&#xD;
info: Microsoft.AspNetCore.Hosting.Diagnostics[1]&#xD;
      Request starting HTTP/1.1 POST http://localhost/api/auth/login - application/json;+charset=utf-8 45&#xD;
info: Microsoft.AspNetCore.Routing.EndpointMiddleware[0]&#xD;
      Executing endpoint 'HTTP: POST /api/auth/login'&#xD;
info: Microsoft.EntityFrameworkCore.Database.Command[20101]&#xD;
      Executed DbCommand (2ms) [Parameters=[@__normalizedUserName_0='?'], CommandType='Text', CommandTimeout='30']&#xD;
      SELECT a."Id", a."AccessFailedCount", a."ConcurrencyStamp", a."Email", a."EmailConfirmed", a."LockoutEnabled", a."LockoutEnd", a."NormalizedEmail", a."NormalizedUserName", a."PasswordHash", a."PhoneNumber", a."PhoneNumberConfirmed", a."SecurityStamp", a."TwoFactorEnabled", a."UserName"&#xD;
      FROM "AspNetUsers" AS a&#xD;
      WHERE a."NormalizedUserName" = @__normalizedUserName_0&#xD;
      LIMIT 1&#xD;
info: Microsoft.EntityFrameworkCore.Database.Command[20101]&#xD;
      Executed DbCommand (5ms) [Parameters=[@p0='?' (DbType = DateTime), @p1='?' (DbType = DateTime), @p2='?' (DbType = DateTime), @p3='?', @p4='?'], CommandType='Text', CommandTimeout='30']&#xD;
      INSERT INTO "RefreshTokens" ("CreatedAt", "ExpiresAt", "RevokedAt", "Token", "UserId")&#xD;
      VALUES (@p0, @p1, @p2, @p3, @p4)&#xD;
      RETURNING "Id";&#xD;
info: Microsoft.AspNetCore.Http.Result.JsonResult[3]&#xD;
      Writing value of type '&lt;&gt;f__AnonymousType11`3' as Json.&#xD;
info: Microsoft.AspNetCore.Routing.EndpointMiddleware[1]&#xD;
      Executed endpoint 'HTTP: POST /api/auth/login'&#xD;
info: Microsoft.AspNetCore.Hosting.Diagnostics[2]&#xD;
      Request finished HTTP/1.1 POST http://localhost/api/auth/login - 200 - application/json;+charset=utf-8 45.2987ms&#xD;
info: Microsoft.AspNetCore.Hosting.Diagnostics[1]&#xD;
      Request starting HTTP/1.1 GET http://localhost/api/fields - - -&#xD;
info: Microsoft.AspNetCore.Routing.EndpointMiddleware[0]&#xD;
      Executing endpoint 'HTTP: GET /api/fields'&#xD;
info: Microsoft.EntityFrameworkCore.Database.Command[20101]&#xD;
      Executed DbCommand (2ms) [Parameters=[], CommandType='Text', CommandTimeout='30']&#xD;
      SELECT f."Id", f."Actions", f."CreatedAt", f."CreatedBy", f."DataType", f."DefaultValue", f."DisplayName", f."Key", f."Required", f."Tags", f."UpdatedAt", f."UpdatedBy", f."Validation"&#xD;
      FROM "FieldDefinitions" AS f&#xD;
info: Microsoft.EntityFrameworkCore.Database.Command[20101]&#xD;
      Executed DbCommand (1ms) [Parameters=[@__key_0='?'], CommandType='Text', CommandTimeout='30']&#xD;
      SELECT l."Key", l."EN", l."JA", l."ZH"&#xD;
      FROM "LocalizationResources" AS l&#xD;
      WHERE l."Key" = @__key_0&#xD;
      LIMIT 1&#xD;
info: Microsoft.EntityFrameworkCore.Database.Command[20101]&#xD;
      Executed DbCommand (1ms) [Parameters=[@__key_0='?'], CommandType='Text', CommandTimeout='30']&#xD;
      SELECT l."Key", l."EN", l."JA", l."ZH"&#xD;
      FROM "LocalizationResources" AS l&#xD;
      WHERE l."Key" = @__key_0&#xD;
      LIMIT 1&#xD;
info: Microsoft.EntityFrameworkCore.Database.Command[20101]&#xD;
      Executed DbCommand (1ms) [Parameters=[@__key_0='?'], CommandType='Text', CommandTimeout='30']&#xD;
      SELECT l."Key", l."EN", l."JA", l."ZH"&#xD;
      FROM "LocalizationResources" AS l&#xD;
      WHERE l."Key" = @__key_0&#xD;
      LIMIT 1&#xD;
info: Microsoft.EntityFrameworkCore.Database.Command[20101]&#xD;
      Executed DbCommand (1ms) [Parameters=[@__key_0='?'], CommandType='Text', CommandTimeout='30']&#xD;
      SELECT l."Key", l."EN", l."JA", l."ZH"&#xD;
      FROM "LocalizationResources" AS l&#xD;
      WHERE l."Key" = @__key_0&#xD;
      LIMIT 1&#xD;
info: Microsoft.EntityFrameworkCore.Database.Command[20101]&#xD;
      Executed DbCommand (1ms) [Parameters=[@__key_0='?'], CommandType='Text', CommandTimeout='30']&#xD;
      SELECT l."Key", l."EN", l."JA", l."ZH"&#xD;
      FROM "LocalizationResources" AS l&#xD;
      WHERE l."Key" = @__key_0&#xD;
      LIMIT 1&#xD;
info: Microsoft.EntityFrameworkCore.Database.Command[20101]&#xD;
      Executed DbCommand (1ms) [Parameters=[@__key_0='?'], CommandType='Text', CommandTimeout='30']&#xD;
      SELECT l."Key", l."EN", l."JA", l."ZH"&#xD;
      FROM "LocalizationResources" AS l&#xD;
      WHERE l."Key" = @__key_0&#xD;
      LIMIT 1&#xD;
info: Microsoft.EntityFrameworkCore.Database.Command[20101]&#xD;
      Executed DbCommand (1ms) [Parameters=[@__key_0='?'], CommandType='Text', CommandTimeout='30']&#xD;
      SELECT l."Key", l."EN", l."JA", l."ZH"&#xD;
      FROM "LocalizationResources" AS l&#xD;
      WHERE l."Key" = @__key_0&#xD;
      LIMIT 1&#xD;
info: Microsoft.EntityFrameworkCore.Database.Command[20101]&#xD;
      Executed DbCommand (1ms) [Parameters=[@__key_0='?'], CommandType='Text', CommandTimeout='30']&#xD;
      SELECT l."Key", l."EN", l."JA", l."ZH"&#xD;
      FROM "LocalizationResources" AS l&#xD;
      WHERE l."Key" = @__key_0&#xD;
      LIMIT 1&#xD;
info: Microsoft.EntityFrameworkCore.Database.Command[20101]&#xD;
      Executed DbCommand (1ms) [Parameters=[@__key_0='?'], CommandType='Text', CommandTimeout='30']&#xD;
      SELECT l."Key", l."EN", l."JA", l."ZH"&#xD;
      FROM "LocalizationResources" AS l&#xD;
      WHERE l."Key" = @__key_0&#xD;
      LIMIT 1&#xD;
info: Microsoft.EntityFrameworkCore.Database.Command[20101]&#xD;
      Executed DbCommand (1ms) [Parameters=[@__key_0='?'], CommandType='Text', CommandTimeout='30']&#xD;
      SELECT l."Key", l."EN", l."JA", l."ZH"&#xD;
      FROM "LocalizationResources" AS l&#xD;
      WHERE l."Key" = @__key_0&#xD;
      LIMIT 1&#xD;
info: Microsoft.AspNetCore.Http.Result.JsonResult[3]&#xD;
      Writing value of type 'List`1' as Json.&#xD;
info: Microsoft.AspNetCore.Routing.EndpointMiddleware[1]&#xD;
      Executed endpoint 'HTTP: GET /api/fields'&#xD;
info: Microsoft.AspNetCore.Hosting.Diagnostics[2]&#xD;
      Request finished HTTP/1.1 GET http://localhost/api/fields - 200 - application/json;+charset=utf-8 31.3557ms&#xD;
info: Microsoft.AspNetCore.Hosting.Diagnostics[1]&#xD;
      Request starting HTTP/1.1 GET http://localhost/api/fields/tags - - -&#xD;
info: Microsoft.AspNetCore.Routing.EndpointMiddleware[0]&#xD;
      Executing endpoint 'HTTP: GET /api/fields/tags'&#xD;
info: Microsoft.EntityFrameworkCore.Database.Command[20101]&#xD;
      Executed DbCommand (1ms) [Parameters=[], CommandType='Text', CommandTimeout='30']&#xD;
      SELECT f."Id", f."Actions", f."CreatedAt", f."CreatedBy", f."DataType", f."DefaultValue", f."DisplayName", f."Key", f."Required", f."Tags", f."UpdatedAt", f."UpdatedBy", f."Validation"&#xD;
      FROM "FieldDefinitions" AS f&#xD;
info: Microsoft.AspNetCore.Http.Result.JsonResult[3]&#xD;
      Writing value of type 'List`1' as Json.&#xD;
info: Microsoft.AspNetCore.Routing.EndpointMiddleware[1]&#xD;
      Executed endpoint 'HTTP: GET /api/fields/tags'&#xD;
info: Microsoft.AspNetCore.Hosting.Diagnostics[2]&#xD;
      Request finished HTTP/1.1 GET http://localhost/api/fields/tags - 200 - application/json;+charset=utf-8 7.4548ms&#xD;
info: Microsoft.EntityFrameworkCore.Database.Command[20101]&#xD;
      Executed DbCommand (6ms) [Parameters=[], CommandType='Text', CommandTimeout='30']&#xD;
      SELECT CASE WHEN COUNT(*) = 0 THEN FALSE ELSE TRUE END&#xD;
FROM pg_class AS cls&#xD;
JOIN pg_namespace AS ns ON ns.oid = cls.relnamespace&#xD;
WHERE&#xD;
        cls.relkind IN ('r', 'v', 'm', 'f', 'p') AND&#xD;
        ns.nspname NOT IN ('pg_catalog', 'information_schema') AND&#xD;
        -- Exclude tables which are members of PG extensions&#xD;
        NOT EXISTS (&#xD;
            SELECT 1 FROM pg_depend WHERE&#xD;
                classid=(&#xD;
                    SELECT cls.oid&#xD;
                    FROM pg_class AS cls&#xD;
                             JOIN pg_namespace AS ns ON ns.oid = cls.relnamespace&#xD;
                    WHERE relname='pg_class' AND ns.nspname='pg_catalog'&#xD;
                ) AND&#xD;
                objid=cls.oid AND&#xD;
                deptype IN ('e', 'x')&#xD;
        )&#xD;
info: Microsoft.EntityFrameworkCore.Database.Command[20101]&#xD;
      Executed DbCommand (1ms) [Parameters=[], CommandType='Text', CommandTimeout='30']&#xD;
      SELECT count(*)::int&#xD;
      FROM "Customers" AS c&#xD;
info: Microsoft.EntityFrameworkCore.Database.Command[20101]&#xD;
      Executed DbCommand (1ms) [Parameters=[], CommandType='Text', CommandTimeout='30']&#xD;
      CREATE TABLE IF NOT EXISTS "LocalizationLanguages" ("Id" SERIAL PRIMARY KEY, "Code" text NOT NULL, "NativeName" text NOT NULL);&#xD;
info: Microsoft.EntityFrameworkCore.Database.Command[20101]&#xD;
      Executed DbCommand (1ms) [Parameters=[], CommandType='Text', CommandTimeout='30']&#xD;
      SELECT EXISTS (&#xD;
          SELECT 1&#xD;
          FROM "Customers" AS c)&#xD;
info: Microsoft.EntityFrameworkCore.Database.Command[20101]&#xD;
      Executed DbCommand (1ms) [Parameters=[], CommandType='Text', CommandTimeout='30']&#xD;
      SELECT EXISTS (&#xD;
          SELECT 1&#xD;
          FROM "FieldDefinitions" AS f)&#xD;
info: Microsoft.EntityFrameworkCore.Database.Command[20101]&#xD;
      Executed DbCommand (1ms) [Parameters=[], CommandType='Text', CommandTimeout='30']&#xD;
      SELECT EXISTS (&#xD;
          SELECT 1&#xD;
          FROM "LocalizationLanguages" AS l)&#xD;
info: Microsoft.EntityFrameworkCore.Database.Command[20101]&#xD;
      Executed DbCommand (1ms) [Parameters=[], CommandType='Text', CommandTimeout='30']&#xD;
      SELECT EXISTS (&#xD;
          SELECT 1&#xD;
          FROM "LocalizationResources" AS l)&#xD;
info: Microsoft.EntityFrameworkCore.Database.Command[20101]&#xD;
      Executed DbCommand (1ms) [Parameters=[], CommandType='Text', CommandTimeout='30']&#xD;
      CREATE INDEX IF NOT EXISTS idx_fieldvalues_value_gin ON "FieldValues" USING GIN ("Value");&#xD;
info: Microsoft.EntityFrameworkCore.Database.Command[20101]&#xD;
      Executed DbCommand (1ms) [Parameters=[], CommandType='Text', CommandTimeout='30']&#xD;
      CREATE INDEX IF NOT EXISTS idx_fielddefinitions_tags_gin ON "FieldDefinitions" USING GIN ("Tags");&#xD;
info: Microsoft.EntityFrameworkCore.Database.Command[20101]&#xD;
      Executed DbCommand (1ms) [Parameters=[], CommandType='Text', CommandTimeout='30']&#xD;
      CREATE INDEX IF NOT EXISTS idx_fielddefinitions_actions_gin ON "FieldDefinitions" USING GIN ("Actions");&#xD;
info: Microsoft.EntityFrameworkCore.Database.Command[20101]&#xD;
      Executed DbCommand (1ms) [Parameters=[], CommandType='Text', CommandTimeout='30']&#xD;
      CREATE INDEX IF NOT EXISTS idx_userlayouts_layoutjson_gin ON "UserLayouts" USING GIN ("LayoutJson");&#xD;
info: Microsoft.EntityFrameworkCore.Database.Command[20101]&#xD;
      Executed DbCommand (1ms) [Parameters=[], CommandType='Text', CommandTimeout='30']&#xD;
      CREATE INDEX IF NOT EXISTS idx_fieldvalues_customer_field ON "FieldValues" ("CustomerId", "FieldDefinitionId");&#xD;
info: Microsoft.EntityFrameworkCore.Database.Command[20101]&#xD;
      Executed DbCommand (1ms) [Parameters=[@__normalizedName_0='?'], CommandType='Text', CommandTimeout='30']&#xD;
      SELECT a."Id", a."ConcurrencyStamp", a."Name", a."NormalizedName"&#xD;
      FROM "AspNetRoles" AS a&#xD;
      WHERE a."NormalizedName" = @__normalizedName_0&#xD;
      LIMIT 1&#xD;
info: Microsoft.EntityFrameworkCore.Database.Command[20101]&#xD;
      Executed DbCommand (1ms) [Parameters=[@__normalizedUserName_0='?'], CommandType='Text', CommandTimeout='30']&#xD;
      SELECT a."Id", a."AccessFailedCount", a."ConcurrencyStamp", a."Email", a."EmailConfirmed", a."LockoutEnabled", a."LockoutEnd", a."NormalizedEmail", a."NormalizedUserName", a."PasswordHash", a."PhoneNumber", a."PhoneNumberConfirmed", a."SecurityStamp", a."TwoFactorEnabled", a."UserName"&#xD;
      FROM "AspNetUsers" AS a&#xD;
[...]
      LIMIT 1&#xD;
info: Microsoft.EntityFrameworkCore.Database.Command[20101]&#xD;
      Executed DbCommand (2ms) [Parameters=[@__normalizedEmail_0='?'], CommandType='Text', CommandTimeout='30']&#xD;
      SELECT a."Id", a."AccessFailedCount", a."ConcurrencyStamp", a."Email", a."EmailConfirmed", a."LockoutEnabled", a."LockoutEnd", a."NormalizedEmail", a."NormalizedUserName", a."PasswordHash", a."PhoneNumber", a."PhoneNumberConfirmed", a."SecurityStamp", a."TwoFactorEnabled", a."UserName"&#xD;
      FROM "AspNetUsers" AS a&#xD;
      WHERE a."NormalizedEmail" = @__normalizedEmail_0&#xD;
      LIMIT 2&#xD;
info: Microsoft.EntityFrameworkCore.Database.Command[20101]&#xD;
      Executed DbCommand (3ms) [Parameters=[@p0='?', @p1='?' (DbType = Int32), @p2='?', @p3='?', @p4='?' (DbType = Boolean), @p5='?' (DbType = Boolean), @p6='?' (DbType = DateTimeOffset), @p7='?', @p8='?', @p9='?', @p10='?', @p11='?' (DbType = Boolean), @p12='?', @p13='?' (DbType = Boolean), @p14='?'], CommandType='Text', CommandTimeout='30']&#xD;
      INSERT INTO "AspNetUsers" ("Id", "AccessFailedCount", "ConcurrencyStamp", "Email", "EmailConfirmed", "LockoutEnabled", "LockoutEnd", "NormalizedEmail", "NormalizedUserName", "PasswordHash", "PhoneNumber", "PhoneNumberConfirmed", "SecurityStamp", "TwoFactorEnabled", "UserName")&#xD;
      VALUES (@p0, @p1, @p2, @p3, @p4, @p5, @p6, @p7, @p8, @p9, @p10, @p11, @p12, @p13, @p14);&#xD;
[EMAIL] To:user_d15ff559907b4e97bbe6e64b332ed7fe@local Subject:Activate your account Body:Click to activate: http://localhost/api/auth/activate?userId=9cc17ea5-646a-4cfd-9877-c1d9de44c189&amp;code=CfDJ8N5e3CWmvvtNvgDDVP08Y6%2BrtxEWwuJL4YuTaVZV1dFuwgV51LkMhYj1Ac0rVZv%2Fh%2FJHQjdns8b13Su413TeN4PL%2F4COjgU3Irihi5i9HFiFZuU5XgI2sHObK0OM2QUc8oHZkSI1k05q7JtuH1sMlAJ4REREh0C57hDQc5ud9TsF5ZbEbVbUn8BSbxUQrjSNh8PE3k1zcSbZ%2Fe5B7dogW6vuargJWwioT6LOIgWRWzqTkd88Xc9g2zeQh11T0Qpesw%3D%3D&#xD;
info: Microsoft.AspNetCore.Http.Result.OkObjectResult[1]&#xD;
      Setting HTTP status code 200.&#xD;
info: Microsoft.AspNetCore.Http.Result.OkObjectResult[3]&#xD;
      Writing value of type '&lt;&gt;f__AnonymousType9`1' as Json.&#xD;
info: Microsoft.AspNetCore.Routing.EndpointMiddleware[1]&#xD;
      Executed endpoint 'HTTP: POST /api/auth/register'&#xD;
info: Microsoft.AspNetCore.Hosting.Diagnostics[2]&#xD;
      Request finished HTTP/1.1 POST http://localhost/api/auth/register - 200 - application/json;+charset=utf-8 41.8110ms&#xD;
info: Microsoft.EntityFrameworkCore.Database.Command[20101]&#xD;
      Executed DbCommand (1ms) [Parameters=[@__normalizedUserName_0='?'], CommandType='Text', CommandTimeout='30']&#xD;
      SELECT a."Id", a."AccessFailedCount", a."ConcurrencyStamp", a."Email", a."EmailConfirmed", a."LockoutEnabled", a."LockoutEnd", a."NormalizedEmail", a."NormalizedUserName", a."PasswordHash", a."PhoneNumber", a."PhoneNumberConfirmed", a."SecurityStamp", a."TwoFactorEnabled", a."UserName"&#xD;
      FROM "AspNetUsers" AS a&#xD;
      WHERE a."NormalizedUserName" = @__normalizedUserName_0&#xD;
      LIMIT 1&#xD;
info: Microsoft.AspNetCore.Hosting.Diagnostics[1]&#xD;
      Request starting HTTP/1.1 GET http://localhost/api/auth/activate?userId=9cc17ea5-646a-4cfd-9877-c1d9de44c189&amp;code=CfDJ8N5e3CWmvvtNvgDDVP08Y69d7Va6%2FjzCy4VvIVG24cUB9soEqFTYfDVl85QOqm6ZlSzBZJAdrB1%2FknM%2FmNWzOtANmyrVtc7aj3MWE2xc5tvrHPqDRM6G1vL1No%2B6VjEfsc9StqYWjza80aNQHuYLGc3AWtVIdt3D21YSBmDJ26PMxv5wo2OrjGXkyuTqtuiErcrICuGXKMkcTB6Pl2kQ1q2LCkHoOyHjETZkQjoAbo1HLp7wwQgw6MKaO3pPYjkauQ%3D%3D - - -&#xD;
info: Microsoft.AspNetCore.Routing.EndpointMiddleware[0]&#xD;
      Executing endpoint 'HTTP: GET /api/auth/activate'&#xD;
info: Microsoft.EntityFrameworkCore.Database.Command[20101]&#xD;
      Executed DbCommand (1ms) [Parameters=[@__p_0='?'], CommandType='Text', CommandTimeout='30']&#xD;
      SELECT a."Id", a."AccessFailedCount", a."ConcurrencyStamp", a."Email", a."EmailConfirmed", a."LockoutEnabled", a."LockoutEnd", a."NormalizedEmail", a."NormalizedUserName", a."PasswordHash", a."PhoneNumber", a."PhoneNumberConfirmed", a."SecurityStamp", a."TwoFactorEnabled", a."UserName"&#xD;
      FROM "AspNetUsers" AS a&#xD;
      WHERE a."Id" = @__p_0&#xD;
      LIMIT 1&#xD;
info: Microsoft.EntityFrameworkCore.Database.Command[20101]&#xD;
      Executed DbCommand (1ms) [Parameters=[@__normalizedUserName_0='?'], CommandType='Text', CommandTimeout='30']&#xD;
      SELECT a."Id", a."AccessFailedCount", a."ConcurrencyStamp", a."Email", a."EmailConfirmed", a."LockoutEnabled", a."LockoutEnd", a."NormalizedEmail", a."NormalizedUserName", a."PasswordHash", a."PhoneNumber", a."PhoneNumberConfirmed", a."SecurityStamp", a."TwoFactorEnabled", a."UserName"&#xD;
      FROM "AspNetUsers" AS a&#xD;
      WHERE a."NormalizedUserName" = @__normalizedUserName_0&#xD;
      LIMIT 1&#xD;
info: Microsoft.EntityFrameworkCore.Database.Command[20101]&#xD;
      Executed DbCommand (1ms) [Parameters=[@__normalizedEmail_0='?'], CommandType='Text', CommandTimeout='30']&#xD;
      SELECT a."Id", a."AccessFailedCount", a."ConcurrencyStamp", a."Email", a."EmailConfirmed", a."LockoutEnabled", a."LockoutEnd", a."NormalizedEmail", a."NormalizedUserName", a."PasswordHash", a."PhoneNumber", a."PhoneNumberConfirmed", a."SecurityStamp", a."TwoFactorEnabled", a."UserName"&#xD;
      FROM "AspNetUsers" AS a&#xD;
      WHERE a."NormalizedEmail" = @__normalizedEmail_0&#xD;
      LIMIT 2&#xD;
info: Microsoft.EntityFrameworkCore.Database.Command[20101]&#xD;
      Executed DbCommand (3ms) [Parameters=[@p14='?', @p0='?' (DbType = Int32), @p1='?', @p15='?', @p2='?', @p3='?' (DbType = Boolean), @p4='?' (DbType = Boolean), @p5='?' (DbType = DateTimeOffset), @p6='?', @p7='?', @p8='?', @p9='?', @p10='?' (DbType = Boolean), @p11='?', @p12='?' (DbType = Boolean), @p13='?'], CommandType='Text', CommandTimeout='30']&#xD;
      UPDATE "AspNetUsers" SET "AccessFailedCount" = @p0, "ConcurrencyStamp" = @p1, "Email" = @p2, "EmailConfirmed" = @p3, "LockoutEnabled" = @p4, "LockoutEnd" = @p5, "NormalizedEmail" = @p6, "NormalizedUserName" = @p7, "PasswordHash" = @p8, "PhoneNumber" = @p9, "PhoneNumberConfirmed" = @p10, "SecurityStamp" = @p11, "TwoFactorEnabled" = @p12, "UserName" = @p13&#xD;
      WHERE "Id" = @p14 AND "ConcurrencyStamp" = @p15;&#xD;
info: Microsoft.AspNetCore.Http.Result.OkObjectResult[1]&#xD;
      Setting HTTP status code 200.&#xD;
info: Microsoft.AspNetCore.Http.Result.OkObjectResult[3]&#xD;
      Writing value of type '&lt;&gt;f__AnonymousType9`1' as Json.&#xD;
info: Microsoft.AspNetCore.Routing.EndpointMiddleware[1]&#xD;
      Executed endpoint 'HTTP: GET /api/auth/activate'&#xD;
info: Microsoft.AspNetCore.Hosting.Diagnostics[2]&#xD;
      Request finished HTTP/1.1 GET http://localhost/api/auth/activate?userId=9cc17ea5-646a-4cfd-9877-c1d9de44c189&amp;code=CfDJ8N5e3CWmvvtNvgDDVP08Y69d7Va6%2FjzCy4VvIVG24cUB9soEqFTYfDVl85QOqm6ZlSzBZJAdrB1%2FknM%2FmNWzOtANmyrVtc7aj3MWE2xc5tvrHPqDRM6G1vL1No%2B6VjEfsc9StqYWjza80aNQHuYLGc3AWtVIdt3D21YSBmDJ26PMxv5wo2OrjGXkyuTqtuiErcrICuGXKMkcTB6Pl2kQ1q2LCkHoOyHjETZkQjoAbo1HLp7wwQgw6MKaO3pPYjkauQ%3D%3D - 200 - application/json;+charset=utf-8 6.4196ms&#xD;
info: Microsoft.AspNetCore.Hosting.Diagnostics[1]&#xD;
      Request starting HTTP/1.1 POST http://localhost/api/auth/login - application/json;+charset=utf-8 76&#xD;
info: Microsoft.AspNetCore.Routing.EndpointMiddleware[0]&#xD;
      Executing endpoint 'HTTP: POST /api/auth/login'&#xD;
info: Microsoft.EntityFrameworkCore.Database.Command[20101]&#xD;
      Executed DbCommand (1ms) [Parameters=[@__normalizedUserName_0='?'], CommandType='Text', CommandTimeout='30']&#xD;
      SELECT a."Id", a."AccessFailedCount", a."ConcurrencyStamp", a."Email", a."EmailConfirmed", a."LockoutEnabled", a."LockoutEnd", a."NormalizedEmail", a."NormalizedUserName", a."PasswordHash", a."PhoneNumber", a."PhoneNumberConfirmed", a."SecurityStamp", a."TwoFactorEnabled", a."UserName"&#xD;
      FROM "AspNetUsers" AS a&#xD;
      WHERE a."NormalizedUserName" = @__normalizedUserName_0&#xD;
      LIMIT 1&#xD;
info: Microsoft.EntityFrameworkCore.Database.Command[20101]&#xD;
      Executed DbCommand (4ms) [Parameters=[@p0='?' (DbType = DateTime), @p1='?' (DbType = DateTime), @p2='?' (DbType = DateTime), @p3='?', @p4='?'], CommandType='Text', CommandTimeout='30']&#xD;
      INSERT INTO "RefreshTokens" ("CreatedAt", "ExpiresAt", "RevokedAt", "Token", "UserId")&#xD;
      VALUES (@p0, @p1, @p2, @p3, @p4)&#xD;
      RETURNING "Id";&#xD;
info: Microsoft.AspNetCore.Http.Result.JsonResult[3]&#xD;
      Writing value of type '&lt;&gt;f__AnonymousType11`3' as Json.&#xD;
info: Microsoft.AspNetCore.Routing.EndpointMiddleware[1]&#xD;
      Executed endpoint 'HTTP: POST /api/auth/login'&#xD;
info: Microsoft.AspNetCore.Hosting.Diagnostics[2]&#xD;
      Request finished HTTP/1.1 POST http://localhost/api/auth/login - 200 - application/json;+charset=utf-8 41.5065ms&#xD;
info: Microsoft.AspNetCore.Hosting.Diagnostics[1]&#xD;
      Request starting HTTP/1.1 GET http://localhost/api/customers - - -&#xD;
info: Microsoft.AspNetCore.Routing.EndpointMiddleware[0]&#xD;
      Executing endpoint 'HTTP: GET /api/customers'&#xD;
info: Microsoft.EntityFrameworkCore.Database.Command[20101]&#xD;
      Executed DbCommand (1ms) [Parameters=[@__uid_0='?'], CommandType='Text', CommandTimeout='30']&#xD;
      SELECT c."CustomerId"&#xD;
      FROM "CustomerAccesses" AS c&#xD;
      WHERE c."UserId" = @__uid_0&#xD;
info: Microsoft.EntityFrameworkCore.Database.Command[20101]&#xD;
      Executed DbCommand (1ms) [Parameters=[], CommandType='Text', CommandTimeout='30']&#xD;
      SELECT c."Id" AS id, c."Code" AS code, c."Name" AS name&#xD;
      FROM "Customers" AS c&#xD;
info: Microsoft.AspNetCore.Http.Result.JsonResult[3]&#xD;
      Writing value of type 'List`1' as Json.&#xD;
info: Microsoft.AspNetCore.Routing.EndpointMiddleware[1]&#xD;
      Executed endpoint 'HTTP: GET /api/customers'&#xD;
info: Microsoft.AspNetCore.Hosting.Diagnostics[2]&#xD;
      Request finished HTTP/1.1 GET http://localhost/api/customers - 200 - application/json;+charset=utf-8 4.3391ms&#xD;
info: Microsoft.AspNetCore.Hosting.Diagnostics[1]&#xD;
      Request starting HTTP/1.1 POST http://localhost/api/customers/1/access - application/json;+charset=utf-8 43&#xD;
info: Microsoft.AspNetCore.Routing.EndpointMiddleware[0]&#xD;
      Executing endpoint 'HTTP: POST /api/customers/{id:int}/access'&#xD;
info: Microsoft.EntityFrameworkCore.Database.Command[20101]&#xD;
      Executed DbCommand (1ms) [Parameters=[@__id_0='?' (DbType = Int32), @__body_userId_1='?'], CommandType='Text', CommandTimeout='30']&#xD;
      SELECT c."Id", c."CanEdit", c."CustomerId", c."UserId"&#xD;
      FROM "CustomerAccesses" AS c&#xD;
      WHERE c."CustomerId" = @__id_0 AND c."UserId" = @__body_userId_1&#xD;
      LIMIT 1&#xD;
info: Microsoft.EntityFrameworkCore.Database.Command[20101]&#xD;
      Executed DbCommand (3ms) [Parameters=[@p0='?' (DbType = Boolean), @p1='?' (DbType = Int32), @p2='?'], CommandType='Text', CommandTimeout='30']&#xD;
      INSERT INTO "CustomerAccesses" ("CanEdit", "CustomerId", "UserId")&#xD;
      VALUES (@p0, @p1, @p2)&#xD;
      RETURNING "Id";&#xD;
info: Microsoft.AspNetCore.Http.Result.OkObjectResult[1]&#xD;
      Setting HTTP status code 200.&#xD;
info: Microsoft.AspNetCore.Http.Result.OkObjectResult[3]&#xD;
      Writing value of type '&lt;&gt;f__AnonymousType9`1' as Json.&#xD;
info: Microsoft.AspNetCore.Routing.EndpointMiddleware[1]&#xD;
      Executed endpoint 'HTTP: POST /api/customers/{id:int}/access'&#xD;
info: Microsoft.AspNetCore.Hosting.Diagnostics[2]&#xD;
      Request finished HTTP/1.1 POST http://localhost/api/customers/1/access - 200 - application/json;+charset=utf-8 7.6066ms&#xD;
info: Microsoft.AspNetCore.Hosting.Diagnostics[1]&#xD;
      Request starting HTTP/1.1 PUT http://localhost/api/customers/1 - application/json;+charset=utf-8 50&#xD;
info: Microsoft.AspNetCore.Routing.EndpointMiddleware[0]&#xD;
      Executing endpoint 'HTTP: PUT /api/customers/{id:int}'&#xD;
info: Microsoft.EntityFrameworkCore.Database.Command[20101]&#xD;
      Executed DbCommand (1ms) [Parameters=[], CommandType='Text', CommandTimeout='30']&#xD;
      SELECT f."Id", f."Actions", f."CreatedAt", f."CreatedBy", f."DataType", f."DefaultValue", f."DisplayName", f."Key", f."Required", f."Tags", f."UpdatedAt", f."UpdatedBy", f."Validation"&#xD;
      FROM "FieldDefinitions" AS f&#xD;
info: Microsoft.EntityFrameworkCore.Database.Command[20101]&#xD;
      Executed DbCommand (1ms) [Parameters=[], CommandType='Text', CommandTimeout='30']&#xD;
      SELECT f."Id", f."Actions", f."CreatedAt", f."CreatedBy", f."DataType", f."DefaultValue", f."DisplayName", f."Key", f."Required", f."Tags", f."UpdatedAt", f."UpdatedBy", f."Validation"&#xD;
      FROM "FieldDefinitions" AS f&#xD;
info: Microsoft.EntityFrameworkCore.Database.Command[20101]&#xD;
      Executed DbCommand (1ms) [Parameters=[@__id_0='?' (DbType = Int32)], CommandType='Text', CommandTimeout='30']&#xD;
      SELECT EXISTS (&#xD;
          SELECT 1&#xD;
          FROM "CustomerAccesses" AS c&#xD;
          WHERE c."CustomerId" = @__id_0)&#xD;
info: Microsoft.EntityFrameworkCore.Database.Command[20101]&#xD;
      Executed DbCommand (1ms) [Parameters=[@__id_0='?' (DbType = Int32), @__uid_1='?'], CommandType='Text', CommandTimeout='30']&#xD;
      SELECT EXISTS (&#xD;
          SELECT 1&#xD;
          FROM "CustomerAccesses" AS c&#xD;
          WHERE c."CustomerId" = @__id_0 AND c."UserId" = @__uid_1 AND c."CanEdit")&#xD;
info: Microsoft.AspNetCore.Http.Result.StatusCodeResult[1]&#xD;
      Setting HTTP status code 403.&#xD;
info: Microsoft.AspNetCore.Routing.EndpointMiddleware[1]&#xD;
      Executed endpoint 'HTTP: PUT /api/customers/{id:int}'&#xD;
info: Microsoft.AspNetCore.Hosting.Diagnostics[2]&#xD;
      Request finished HTTP/1.1 PUT http://localhost/api/customers/1 - 403 - - 3.9925ms&#xD;
info: Microsoft.AspNetCore.Hosting.Diagnostics[1]&#xD;
      Request starting HTTP/1.1 POST http://localhost/api/customers/1/access - application/json;+charset=utf-8 64&#xD;
info: Microsoft.AspNetCore.Routing.EndpointMiddleware[0]&#xD;
      Executing endpoint 'HTTP: POST /api/customers/{id:int}/access'&#xD;
info: Microsoft.EntityFrameworkCore.Database.Command[20101]&#xD;
      Executed DbCommand (1ms) [Parameters=[@__id_0='?' (DbType = Int32), @__body_userId_1='?'], CommandType='Text', CommandTimeout='30']&#xD;
      SELECT c."Id", c."CanEdit", c."CustomerId", c."UserId"&#xD;
      FROM "CustomerAccesses" AS c&#xD;
      WHERE c."CustomerId" = @__id_0 AND c."UserId" = @__body_userId_1&#xD;
      LIMIT 1&#xD;
info: Microsoft.EntityFrameworkCore.Database.Command[20101]&#xD;
      Executed DbCommand (3ms) [Parameters=[@p0='?' (DbType = Boolean), @p1='?' (DbType = Int32), @p2='?'], CommandType='Text', CommandTimeout='30']&#xD;
      INSERT INTO "CustomerAccesses" ("CanEdit", "CustomerId", "UserId")&#xD;
      VALUES (@p0, @p1, @p2)&#xD;
      RETURNING "Id";&#xD;
info: Microsoft.AspNetCore.Http.Result.OkObjectResult[1]&#xD;
      Setting HTTP status code 200.&#xD;
info: Microsoft.AspNetCore.Http.Result.OkObjectResult[3]&#xD;
      Writing value of type '&lt;&gt;f__AnonymousType9`1' as Json.&#xD;
info: Microsoft.AspNetCore.Routing.EndpointMiddleware[1]&#xD;
      Executed endpoint 'HTTP: POST /api/customers/{id:int}/access'&#xD;
info: Microsoft.AspNetCore.Hosting.Diagnostics[2]&#xD;
      Request finished HTTP/1.1 POST http://localhost/api/customers/1/access - 200 - application/json;+charset=utf-8 4.0975ms&#xD;
info: Microsoft.AspNetCore.Hosting.Diagnostics[1]&#xD;
      Request starting HTTP/1.1 PUT http://localhost/api/customers/1 - application/json;+charset=utf-8 50&#xD;
info: Microsoft.AspNetCore.Routing.EndpointMiddleware[0]&#xD;
      Executing endpoint 'HTTP: PUT /api/customers/{id:int}'&#xD;
info: Microsoft.EntityFrameworkCore.Database.Command[20101]&#xD;
      Executed DbCommand (1ms) [Parameters=[], CommandType='Text', CommandTimeout='30']&#xD;
      SELECT f."Id", f."Actions", f."CreatedAt", f."CreatedBy", f."DataType", f."DefaultValue", f."DisplayName", f."Key", f."Required", f."Tags", f."UpdatedAt", f."UpdatedBy", f."Validation"&#xD;
      FROM "FieldDefinitions" AS f&#xD;
info: Microsoft.EntityFrameworkCore.Database.Command[20101]&#xD;
      Executed DbCommand (1ms) [Parameters=[], CommandType='Text', CommandTimeout='30']&#xD;
      SELECT f."Id", f."Actions", f."CreatedAt", f."CreatedBy", f."DataType", f."DefaultValue", f."DisplayName", f."Key", f."Required", f."Tags", f."UpdatedAt", f."UpdatedBy", f."Validation"&#xD;
      FROM "FieldDefinitions" AS f&#xD;
info: Microsoft.EntityFrameworkCore.Database.Command[20101]&#xD;
      Executed DbCommand (1ms) [Parameters=[@__id_0='?' (DbType = Int32)], CommandType='Text', CommandTimeout='30']&#xD;
      SELECT EXISTS (&#xD;
          SELECT 1&#xD;
          FROM "CustomerAccesses" AS c&#xD;
          WHERE c."CustomerId" = @__id_0)&#xD;
info: Microsoft.EntityFrameworkCore.Database.Command[20101]&#xD;
      Executed DbCommand (1ms) [Parameters=[@__id_0='?' (DbType = Int32), @__uid_1='?'], CommandType='Text', CommandTimeout='30']&#xD;
      SELECT EXISTS (&#xD;
          SELECT 1&#xD;
          FROM "CustomerAccesses" AS c&#xD;
          WHERE c."CustomerId" = @__id_0 AND c."UserId" = @__uid_1 AND c."CanEdit")&#xD;
info: Microsoft.EntityFrameworkCore.Database.Command[20101]&#xD;
      Executed DbCommand (1ms) [Parameters=[@__id_0='?' (DbType = Int32)], CommandType='Text', CommandTimeout='30']&#xD;
      SELECT c."Id", c."Code", c."CreatedAt", c."CreatedBy", c."ExtData", c."Name", c."UpdatedAt", c."UpdatedBy", c."Version"&#xD;
      FROM "Customers" AS c&#xD;
      WHERE c."Id" = @__id_0&#xD;
      LIMIT 1&#xD;
info: Microsoft.EntityFrameworkCore.Database.Command[20101]&#xD;
      Executed DbCommand (1ms) [Parameters=[], CommandType='Text', CommandTimeout='30']&#xD;
      SELECT f."Id", f."Actions", f."CreatedAt", f."CreatedBy", f."DataType", f."DefaultValue", f."DisplayName", f."Key", f."Required", f."Tags", f."UpdatedAt", f."UpdatedBy", f."Validation"&#xD;
      FROM "FieldDefinitions" AS f&#xD;
info: Microsoft.EntityFrameworkCore.Database.Command[20101]&#xD;
      Executed DbCommand (1ms) [Parameters=[@p8='?' (DbType = Int32), @p0='?', @p1='?' (DbType = DateTime), @p2='?', @p3='?' (DbType = Object), @p4='?', @p5='?' (DbType = DateTime), @p6='?', @p7='?' (DbType = Int32), @p9='?' (DbType = DateTime), @p10='?', @p11='?' (DbType = Int32), @p12='?' (DbType = Int32), @p13='?' (DbType = DateTime), @p14='?', @p15='?' (DbType = Object), @p16='?' (DbType = Int32)], CommandType='Text', CommandTimeout='30']&#xD;
      UPDATE "Customers" SET "Code" = @p0, "CreatedAt" = @p1, "CreatedBy" = @p2, "ExtData" = @p3, "Name" = @p4, "UpdatedAt" = @p5, "UpdatedBy" = @p6, "Version" = @p7&#xD;
      WHERE "Id" = @p8;&#xD;
      INSERT INTO "FieldValues" ("CreatedAt", "CreatedBy", "CustomerId", "FieldDefinitionId", "UpdatedAt", "UpdatedBy", "Value", "Version")&#xD;
      VALUES (@p9, @p10, @p11, @p12, @p13, @p14, @p15, @p16)&#xD;
      RETURNING "Id";&#xD;
info: Microsoft.AspNetCore.Http.Result.JsonResult[3]&#xD;
      Writing value of type '&lt;&gt;f__AnonymousType20`2' as Json.&#xD;
info: Microsoft.AspNetCore.Routing.EndpointMiddleware[1]&#xD;
      Executed endpoint 'HTTP: PUT /api/customers/{id:int}'&#xD;
info: Microsoft.AspNetCore.Hosting.Diagnostics[2]&#xD;
      Request finished HTTP/1.1 PUT http://localhost/api/customers/1 - 200 - application/json;+charset=utf-8 9.9156ms&#xD;
[xUnit.net 00:00:07.81]   Finished:    BobCrm.Api.Tests&#xD;
</StdOut>
    </Output>
    <CollectorDataEntries>
      <Collector agentName="OHR0067" uri="datacollector://microsoft/CoverletCodeCoverage/1.0" collectorDisplayName="XPlat code coverage">
        <UriAttachments>
          <UriAttachment>
            <A href="OHR0067\coverage.cobertura.xml"></A>
          </UriAttachment>
        </UriAttachments>
      </Collector>
    </CollectorDataEntries>
  </ResultSummary>
</TestRun>